GROUP,PACKAGE,CLASS,INSTRUCTION_MISSED,INSTRUCTION_COVERED,BRANCH_MISSED,BRANCH_COVERED,LINE_MISSED,LINE_COVERED,COMPLEXITY_MISSED,COMPLEXITY_COVERED,METHOD_MISSED,METHOD_COVERED
com.irurueta:irurueta-numerical,com.irurueta.numerical.polynomials,PolynomialsException,0,16,0,0,0,8,0,4,0,4
com.irurueta:irurueta-numerical,com.irurueta.numerical.polynomials,Polynomial,42,1633,14,153,11,367,14,133,0,62
com.irurueta:irurueta-numerical,com.irurueta.numerical.fitting,MultiDimensionFitter,0,94,0,6,0,29,0,14,0,11
com.irurueta:irurueta-numerical,com.irurueta.numerical.fitting,SvdSingleDimensionLinearFitter,11,276,3,17,3,56,3,16,0,9
com.irurueta:irurueta-numerical,com.irurueta.numerical.fitting,LevenbergMarquardtMultiVariateFitter,35,1064,9,91,8,197,9,71,0,30
com.irurueta:irurueta-numerical,com.irurueta.numerical.fitting,SimpleSingleDimensionLinearFitter,10,498,2,52,2,90,2,36,0,11
com.irurueta:irurueta-numerical,com.irurueta.numerical.fitting,StraightLineFitter,6,512,5,33,2,95,5,33,0,19
com.irurueta:irurueta-numerical,com.irurueta.numerical.fitting,MultiVariateFitter,0,94,0,6,0,29,0,14,0,11
com.irurueta:irurueta-numerical,com.irurueta.numerical.fitting,LevenbergMarquardtSingleDimensionFitter,21,983,5,79,6,183,5,67,0,30
com.irurueta:irurueta-numerical,com.irurueta.numerical.fitting,LevenbergMarquardtMultiDimensionFitter,27,1028,7,83,7,192,7,68,0,30
com.irurueta:irurueta-numerical,com.irurueta.numerical.fitting,MultiDimensionLinearFitter,6,103,3,9,2,29,3,13,0,10
com.irurueta:irurueta-numerical,com.irurueta.numerical.fitting,SvdMultiDimensionLinearFitter,11,292,3,17,3,59,3,16,0,9
com.irurueta:irurueta-numerical,com.irurueta.numerical.fitting,SingleDimensionFitter,0,94,0,6,0,29,0,14,0,11
com.irurueta:irurueta-numerical,com.irurueta.numerical.fitting,Fitter,0,6,0,0,0,2,0,2,0,2
com.irurueta:irurueta-numerical,com.irurueta.numerical.fitting,FittingException,0,16,0,0,0,8,0,4,0,4
com.irurueta:irurueta-numerical,com.irurueta.numerical.fitting,SingleDimensionLinearFitter,6,96,3,7,2,27,3,12,0,10
com.irurueta:irurueta-numerical,com.irurueta.numerical,MaximumLikelihoodEstimatorMethod,0,24,0,0,0,3,0,1,0,1
com.irurueta:irurueta-numerical,com.irurueta.numerical,HistogramMaximumLikelihoodEstimator,31,249,9,19,4,61,7,17,0,10
com.irurueta:irurueta-numerical,com.irurueta.numerical,NotReadyException,0,16,0,0,0,8,0,4,0,4
com.irurueta:irurueta-numerical,com.irurueta.numerical,EvaluationException,0,16,0,0,0,8,0,4,0,4
com.irurueta:irurueta-numerical,com.irurueta.numerical,SymmetricDerivativeEstimator,2,49,1,1,1,12,1,2,0,2
com.irurueta:irurueta-numerical,com.irurueta.numerical,SavitzkyGolayDerivativeEstimator,5,150,1,1,3,33,1,2,0,2
com.irurueta:irurueta-numerical,com.irurueta.numerical,RealPolynomialEvaluator,4,19,2,2,1,6,2,3,0,3
com.irurueta:irurueta-numerical,com.irurueta.numerical,NumericalException,0,16,0,0,0,8,0,4,0,4
com.irurueta:irurueta-numerical,com.irurueta.numerical,ComplexPolynomialEvaluator,4,19,2,2,1,6,2,3,0,3
com.irurueta:irurueta-numerical,com.irurueta.numerical,BuildInfo,6,107,1,3,2,28,1,11,0,10
com.irurueta:irurueta-numerical,com.irurueta.numerical,PolynomialEvaluator,0,89,0,12,0,22,0,9,0,3
com.irurueta:irurueta-numerical,com.irurueta.numerical,GradientEstimator,6,101,3,7,2,22,3,5,0,3
com.irurueta:irurueta-numerical,com.irurueta.numerical,NotAvailableException,0,16,0,0,0,8,0,4,0,4
com.irurueta:irurueta-numerical,com.irurueta.numerical,SavitzkyGolayGradientEstimator,17,209,2,4,6,46,2,3,0,2
com.irurueta:irurueta-numerical,com.irurueta.numerical,MaximumLikelihoodEstimator,21,319,4,28,7,87,5,40,1,28
com.irurueta:irurueta-numerical,com.irurueta.numerical,DerivativeEstimator,2,39,1,1,1,10,1,2,0,2
com.irurueta:irurueta-numerical,com.irurueta.numerical,DirectionalDerivativeEvaluator,4,73,0,4,2,13,1,5,1,3
com.irurueta:irurueta-numerical,com.irurueta.numerical,LockedException,0,16,0,0,0,8,0,4,0,4
com.irurueta:irurueta-numerical,com.irurueta.numerical,InvalidBracketRangeException,0,16,0,0,0,8,0,4,0,4
com.irurueta:irurueta-numerical,com.irurueta.numerical,JacobianEstimator,16,132,4,10,5,27,4,6,0,3
com.irurueta:irurueta-numerical,com.irurueta.numerical,AccurateMaximumLikelihoodEstimator,57,199,11,9,17,59,9,9,0,8
com.irurueta:irurueta-numerical,com.irurueta.numerical,AccurateMaximumLikelihoodEstimator.EvaluatorListener,0,58,0,2,0,7,0,3,0,2
com.irurueta:irurueta-numerical,com.irurueta.numerical,DirectionalEvaluator,8,66,1,3,3,15,2,7,1,6
com.irurueta:irurueta-numerical,com.irurueta.numerical,SymmetricGradientEstimator,6,132,4,10,2,25,4,5,0,2
com.irurueta:irurueta-numerical,com.irurueta.numerical.robust,FastRandomSubsetSelector,8,201,5,33,2,59,5,21,0,7
com.irurueta:irurueta-numerical,com.irurueta.numerical.robust,PROSACRobustEstimator,47,803,20,88,14,199,20,63,0,29
com.irurueta:irurueta-numerical,com.irurueta.numerical.robust,SubsetSelectorType,0,14,0,0,0,2,0,1,0,1
com.irurueta:irurueta-numerical,com.irurueta.numerical.robust,PROMedSRobustEstimator.PROMedSInliersData,0,152,0,2,0,38,0,12,0,11
com.irurueta:irurueta-numerical,com.irurueta.numerical.robust,RobustEstimatorException,0,16,0,0,0,8,0,4,0,4
com.irurueta:irurueta-numerical,com.irurueta.numerical.robust,LMedSRobustEstimator,26,525,9,57,8,149,9,42,0,18
com.irurueta:irurueta-numerical,com.irurueta.numerical.robust,RANSACRobustEstimator,38,411,16,52,11,119,16,35,0,17
com.irurueta:irurueta-numerical,com.irurueta.numerical.robust,InliersData,0,9,0,0,0,3,0,3,0,3
com.irurueta:irurueta-numerical,com.irurueta.numerical.robust,MSACRobustEstimator.MSACInliersData,0,47,0,0,0,16,0,5,0,5
com.irurueta:irurueta-numerical,com.irurueta.numerical.robust,InvalidSubsetRangeException,0,16,0,0,0,8,0,4,0,4
com.irurueta:irurueta-numerical,com.irurueta.numerical.robust,SubsetSelector,0,58,0,2,0,18,0,9,0,8
com.irurueta:irurueta-numerical,com.irurueta.numerical.robust,WeightSelection,0,90,0,10,0,29,0,10,0,5
com.irurueta:irurueta-numerical,com.irurueta.numerical.robust,InvalidSubsetSizeException,0,16,0,0,0,8,0,4,0,4
com.irurueta:irurueta-numerical,com.irurueta.numerical.robust,LMedSRobustEstimator.LMedSInliersData,0,65,0,0,0,22,0,7,0,7
com.irurueta:irurueta-numerical,com.irurueta.numerical.robust,MSACRobustEstimator,30,442,12,46,9,125,12,32,0,15
com.irurueta:irurueta-numerical,com.irurueta.numerical.robust,NotEnoughSamplesException,0,16,0,0,0,8,0,4,0,4
com.irurueta:irurueta-numerical,com.irurueta.numerical.robust,PROMedSRobustEstimator,73,999,32,100,18,258,29,69,0,32
com.irurueta:irurueta-numerical,com.irurueta.numerical.robust,RobustEstimatorMethod,0,54,0,0,0,6,0,1,0,1
com.irurueta:irurueta-numerical,com.irurueta.numerical.robust,RobustEstimator,0,83,0,12,0,27,0,15,0,9
com.irurueta:irurueta-numerical,com.irurueta.numerical.robust,SubsetSelectorException,0,16,0,0,0,8,0,4,0,4
com.irurueta:irurueta-numerical,com.irurueta.numerical.robust,PROSACRobustEstimator.PROSACInliersData,32,71,18,10,5,19,13,4,0,3
com.irurueta:irurueta-numerical,com.irurueta.numerical.robust,RANSACRobustEstimator.RANSACInliersData,32,71,18,10,5,19,13,4,0,3
com.irurueta:irurueta-numerical,com.irurueta.numerical.roots,ThirdDegreePolynomialRootsEstimator,56,685,20,60,14,123,20,41,0,21
com.irurueta:irurueta-numerical,com.irurueta.numerical.roots,RootEstimator,3,9,0,0,2,4,2,2,2,2
com.irurueta:irurueta-numerical,com.irurueta.numerical.roots,FalsePositionSingleRootEstimator,26,200,5,19,8,56,5,14,0,7
com.irurueta:irurueta-numerical,com.irurueta.numerical.roots,SafeNewtonRaphsonSingleRootEstimator,83,243,11,25,27,66,10,15,0,7
com.irurueta:irurueta-numerical,com.irurueta.numerical.roots,SecondDegreePolynomialRootsEstimator,34,348,11,43,10,77,11,35,0,19
com.irurueta:irurueta-numerical,com.irurueta.numerical.roots,SecantSingleRootEstimator,18,175,4,16,5,49,4,13,0,7
com.irurueta:irurueta-numerical,com.irurueta.numerical.roots,NewtonRaphsonSingleRootEstimator,25,132,4,10,7,39,4,10,0,7
com.irurueta:irurueta-numerical,com.irurueta.numerical.roots,SingleRootEstimator,7,61,1,7,2,21,2,10,1,7
com.irurueta:irurueta-numerical,com.irurueta.numerical.roots,LaguerrePolynomialRootsEstimator,27,511,7,33,7,109,7,23,0,10
com.irurueta:irurueta-numerical,com.irurueta.numerical.roots,BracketedSingleRootEstimator,46,195,6,22,14,54,8,18,2,10
com.irurueta:irurueta-numerical,com.irurueta.numerical.roots,RidderSingleRootEstimator,50,242,12,30,17,63,12,16,0,7
com.irurueta:irurueta-numerical,com.irurueta.numerical.roots,PolynomialRootsEstimator,4,53,1,9,1,15,1,11,0,7
com.irurueta:irurueta-numerical,com.irurueta.numerical.roots,BisectionSingleRootEstimator,22,156,6,18,6,44,6,13,0,7
com.irurueta:irurueta-numerical,com.irurueta.numerical.roots,BrentSingleRootEstimator,31,343,6,42,9,81,6,25,0,7
com.irurueta:irurueta-numerical,com.irurueta.numerical.roots,DerivativeSingleRootEstimator,4,61,2,10,1,18,2,11,0,7
com.irurueta:irurueta-numerical,com.irurueta.numerical.roots,RootEstimationException,0,16,0,0,0,8,0,4,0,4
com.irurueta:irurueta-numerical,com.irurueta.numerical.roots,FirstDegreePolynomialRootsEstimator,10,157,3,21,3,44,3,22,0,13
com.irurueta:irurueta-numerical,com.irurueta.numerical.optimization,SimplexMultiOptimizer,44,839,9,73,12,169,9,54,0,22
com.irurueta:irurueta-numerical,com.irurueta.numerical.optimization,PowellMultiOptimizer,65,439,21,35,16,96,18,25,0,15
com.irurueta:irurueta-numerical,com.irurueta.numerical.optimization,GoldenSingleOptimizer,18,301,5,17,5,69,5,13,0,7
com.irurueta:irurueta-numerical,com.irurueta.numerical.optimization,BracketedSingleOptimizer,64,704,12,38,19,151,13,34,1,21
com.irurueta:irurueta-numerical,com.irurueta.numerical.optimization,DerivativeLineMultiOptimizer.new SingleDimensionFunctionEvaluatorListener() {...},0,12,0,0,0,2,0,2,0,2
com.irurueta:irurueta-numerical,com.irurueta.numerical.optimization,DerivativeLineMultiOptimizer.new SingleDimensionFunctionEvaluatorListener() {...},0,12,0,0,0,2,0,2,0,2
com.irurueta:irurueta-numerical,com.irurueta.numerical.optimization,DerivativeLineMultiOptimizer,44,235,14,26,9,54,11,22,1,12
com.irurueta:irurueta-numerical,com.irurueta.numerical.optimization,ConjugateGradientMultiOptimizer,71,425,18,40,16,101,16,29,0,16
com.irurueta:irurueta-numerical,com.irurueta.numerical.optimization,Optimizer,10,19,1,1,3,8,3,4,2,4
com.irurueta:irurueta-numerical,com.irurueta.numerical.optimization,SingleOptimizer,7,74,1,9,2,23,2,12,1,8
com.irurueta:irurueta-numerical,com.irurueta.numerical.optimization,MultiOptimizer,6,71,1,9,2,24,2,12,1,8
com.irurueta:irurueta-numerical,com.irurueta.numerical.optimization,LineMultiOptimizer,43,208,11,19,10,49,9,17,1,10
com.irurueta:irurueta-numerical,com.irurueta.numerical.optimization,QuasiNewtonMultiOptimizer,70,933,14,86,19,173,14,53,0,17
com.irurueta:irurueta-numerical,com.irurueta.numerical.optimization,LineMultiOptimizer.new SingleDimensionFunctionEvaluatorListener() {...},0,12,0,0,0,2,0,2,0,2
com.irurueta:irurueta-numerical,com.irurueta.numerical.optimization,DerivativeBrentSingleOptimizer,26,669,7,73,7,143,7,43,0,10
com.irurueta:irurueta-numerical,com.irurueta.numerical.optimization,OptimizationException,0,16,0,0,0,8,0,4,0,4
com.irurueta:irurueta-numerical,com.irurueta.numerical.optimization,BrentSingleOptimizer,22,454,5,51,6,93,5,31,0,8
com.irurueta:irurueta-numerical,com.irurueta.numerical.optimization,DerivativeConjugateGradientMultiOptimizer,70,368,17,35,16,81,16,22,1,11
com.irurueta:irurueta-numerical,com.irurueta.numerical.signal.processing,MeasurementNoiseCovarianceEstimator,17,163,1,5,5,30,1,8,0,6
com.irurueta:irurueta-numerical,com.irurueta.numerical.signal.processing,Convolver1D,5,668,3,77,1,164,3,80,0,42
com.irurueta:irurueta-numerical,com.irurueta.numerical.signal.processing,SignalProcessingException,0,16,0,0,0,8,0,4,0,4
com.irurueta:irurueta-numerical,com.irurueta.numerical.signal.processing,KalmanFilter,42,642,5,63,11,137,4,59,0,29
com.irurueta:irurueta-numerical,com.irurueta.numerical.signal.processing,ConvolverEdgeMethod,0,44,0,0,0,5,0,1,0,1
com.irurueta:irurueta-numerical,com.irurueta.numerical.polynomials.estimators,LMedSPolynomialRobustEstimator.new LMedSRobustEstimatorListener() {...},0,135,4,6,0,29,4,11,0,10
com.irurueta:irurueta-numerical,com.irurueta.numerical.polynomials.estimators,PolynomialEvaluationType,0,44,0,0,0,5,0,1,0,1
com.irurueta:irurueta-numerical,com.irurueta.numerical.polynomials.estimators,WeightedPolynomialEstimator,7,415,6,37,3,99,6,39,0,22
com.irurueta:irurueta-numerical,com.irurueta.numerical.polynomials.estimators,IntegralPolynomialEvaluation,0,71,0,2,0,26,0,13,0,12
com.irurueta:irurueta-numerical,com.irurueta.numerical.polynomials.estimators,RANSACPolynomialRobustEstimator,8,122,2,6,2,41,2,14,0,12
com.irurueta:irurueta-numerical,com.irurueta.numerical.polynomials.estimators,PROMedSPolynomialRobustEstimator.new PROMedSRobustEstimatorListener() {...},0,143,4,6,0,31,4,13,0,12
com.irurueta:irurueta-numerical,com.irurueta.numerical.polynomials.estimators,DerivativePolynomialEvaluation,0,46,0,2,0,18,0,9,0,8
com.irurueta:irurueta-numerical,com.irurueta.numerical.polynomials.estimators,IntegralIntervalPolynomialEvaluation,5,59,1,1,1,24,1,12,0,12
com.irurueta:irurueta-numerical,com.irurueta.numerical.polynomials.estimators,DirectPolynomialEvaluation,0,19,0,0,0,9,0,5,0,5
com.irurueta:irurueta-numerical,com.irurueta.numerical.polynomials.estimators,PROSACPolynomialRobustEstimator.new PROSACRobustEstimatorListener() {...},12,131,5,5,3,28,5,12,1,11
com.irurueta:irurueta-numerical,com.irurueta.numerical.polynomials.estimators,PROMedSPolynomialRobustEstimator,12,163,4,14,3,52,4,21,0,16
com.irurueta:irurueta-numerical,com.irurueta.numerical.polynomials.estimators,LMedSPolynomialRobustEstimator,8,126,2,6,2,42,2,14,0,12
com.irurueta:irurueta-numerical,com.irurueta.numerical.polynomials.estimators,PolynomialEstimatorType,0,24,0,0,0,3,0,1,0,1
com.irurueta:irurueta-numerical,com.irurueta.numerical.polynomials.estimators,PolynomialEstimator,8,752,5,77,2,178,5,78,0,42
com.irurueta:irurueta-numerical,com.irurueta.numerical.polynomials.estimators,MSACPolynomialRobustEstimator.new MSACRobustEstimatorListener() {...},0,139,4,6,0,30,4,12,0,11
com.irurueta:irurueta-numerical,com.irurueta.numerical.polynomials.estimators,PolynomialEstimationException,0,16,0,0,0,8,0,4,0,4
com.irurueta:irurueta-numerical,com.irurueta.numerical.polynomials.estimators,PROSACPolynomialRobustEstimator,12,163,4,14,3,52,4,21,0,16
com.irurueta:irurueta-numerical,com.irurueta.numerical.polynomials.estimators,LMSEPolynomialEstimator,7,211,1,20,3,62,1,23,0,12
com.irurueta:irurueta-numerical,com.irurueta.numerical.polynomials.estimators,PolynomialRobustEstimator,27,771,10,83,7,190,10,103,0,53
com.irurueta:irurueta-numerical,com.irurueta.numerical.polynomials.estimators,MSACPolynomialRobustEstimator,8,122,2,6,2,41,2,14,0,12
com.irurueta:irurueta-numerical,com.irurueta.numerical.polynomials.estimators,RANSACPolynomialRobustEstimator.new RANSACRobustEstimatorListener() {...},0,139,4,6,0,30,4,12,0,11
com.irurueta:irurueta-numerical,com.irurueta.numerical.polynomials.estimators,PolynomialEvaluation,0,16,0,0,0,8,0,4,0,4
