<?xml version="1.0" encoding="UTF-8" standalone="yes"?><!DOCTYPE report PUBLIC "-//JACOCO//DTD Report 1.1//EN" "report.dtd"><report name="com.irurueta:irurueta-numerical"><sessioninfo id="travis-job-ae39300a-a7a1-4092-be50-d87b1ba6e240-e329d352" start="1610196858590" dump="1610196922561"/><package name="com/irurueta/numerical/polynomials"><class name="com/irurueta/numerical/polynomials/PolynomialsException" sourcefilename="PolynomialsException.java"><method name="&lt;init&gt;" desc="()V" line="29"><counter type="INSTRUCTION" missed="0" covered="3"/><counter type="LINE" missed="0" covered="2"/><counter type="COMPLEXITY" missed="0" covered="1"/><counter type="METHOD" missed="0" covered="1"/></method><method name="&lt;init&gt;" desc="(Ljava/lang/String;)V" line="37"><counter type="INSTRUCTION" missed="0" covered="4"/><counter type="LINE" missed="0" covered="2"/><counter type="COMPLEXITY" missed="0" covered="1"/><counter type="METHOD" missed="0" covered="1"/></method><method name="&lt;init&gt;" desc="(Ljava/lang/String;Ljava/lang/Throwable;)V" line="46"><counter type="INSTRUCTION" missed="0" covered="5"/><counter type="LINE" missed="0" covered="2"/><counter type="COMPLEXITY" missed="0" covered="1"/><counter type="METHOD" missed="0" covered="1"/></method><method name="&lt;init&gt;" desc="(Ljava/lang/Throwable;)V" line="54"><counter type="INSTRUCTION" missed="0" covered="4"/><counter type="LINE" missed="0" covered="2"/><counter type="COMPLEXITY" missed="0" covered="1"/><counter type="METHOD" missed="0" covered="1"/></method><counter type="INSTRUCTION" missed="0" covered="16"/><counter type="LINE" missed="0" covered="8"/><counter type="COMPLEXITY" missed="0" covered="4"/><counter type="METHOD" missed="0" covered="4"/><counter type="CLASS" missed="0" covered="1"/></class><class name="com/irurueta/numerical/polynomials/Polynomial" sourcefilename="Polynomial.java"><method name="&lt;init&gt;" desc="()V" line="61"><counter type="INSTRUCTION" missed="0" covered="7"/><counter type="LINE" missed="0" covered="3"/><counter type="COMPLEXITY" missed="0" covered="1"/><counter type="METHOD" missed="0" covered="1"/></method><method name="&lt;init&gt;" desc="(I)V" line="70"><counter type="INSTRUCTION" missed="0" covered="15"/><counter type="BRANCH" missed="0" covered="2"/><counter type="LINE" missed="0" covered="5"/><counter type="COMPLEXITY" missed="0" covered="2"/><counter type="METHOD" missed="0" covered="1"/></method><method name="&lt;init&gt;" desc="([D)V" line="86"><counter type="INSTRUCTION" missed="0" covered="6"/><counter type="LINE" missed="0" covered="3"/><counter type="COMPLEXITY" missed="0" covered="1"/><counter type="METHOD" missed="0" covered="1"/></method><method name="getPolyParams" desc="()[D" line="97"><counter type="INSTRUCTION" missed="0" covered="3"/><counter type="LINE" missed="0" covered="1"/><counter type="COMPLEXITY" missed="0" covered="1"/><counter type="METHOD" missed="0" covered="1"/></method><method name="setPolyParams" desc="([D)V" line="110"><counter type="INSTRUCTION" missed="0" covered="13"/><counter type="BRANCH" missed="0" covered="2"/><counter type="LINE" missed="0" covered="4"/><counter type="COMPLEXITY" missed="0" covered="2"/><counter type="METHOD" missed="0" covered="1"/></method><method name="getDegree" desc="()I" line="122"><counter type="INSTRUCTION" missed="0" covered="23"/><counter type="BRANCH" missed="0" covered="4"/><counter type="LINE" missed="0" covered="4"/><counter type="COMPLEXITY" missed="0" covered="3"/><counter type="METHOD" missed="0" covered="1"/></method><method name="add" desc="(Lcom/irurueta/numerical/polynomials/Polynomial;Lcom/irurueta/numerical/polynomials/Polynomial;)V" line="139"><counter type="INSTRUCTION" missed="0" covered="79"/><counter type="BRANCH" missed="1" covered="7"/><counter type="LINE" missed="0" covered="13"/><counter type="COMPLEXITY" missed="1" covered="4"/><counter type="METHOD" missed="0" covered="1"/></method><method name="add" desc="(Lcom/irurueta/numerical/polynomials/Polynomial;)V" line="171"><counter type="INSTRUCTION" missed="0" covered="5"/><counter type="LINE" missed="0" covered="2"/><counter type="COMPLEXITY" missed="0" covered="1"/><counter type="METHOD" missed="0" covered="1"/></method><method name="addAndReturnNew" desc="(Lcom/irurueta/numerical/polynomials/Polynomial;)Lcom/irurueta/numerical/polynomials/Polynomial;" line="181"><counter type="INSTRUCTION" missed="0" covered="19"/><counter type="LINE" missed="0" covered="4"/><counter type="COMPLEXITY" missed="0" covered="1"/><counter type="METHOD" missed="0" covered="1"/></method><method name="subtract" desc="(Lcom/irurueta/numerical/polynomials/Polynomial;Lcom/irurueta/numerical/polynomials/Polynomial;)V" line="196"><counter type="INSTRUCTION" missed="0" covered="85"/><counter type="BRANCH" missed="1" covered="9"/><counter type="LINE" missed="0" covered="14"/><counter type="COMPLEXITY" missed="1" covered="5"/><counter type="METHOD" missed="0" covered="1"/></method><method name="subtract" desc="(Lcom/irurueta/numerical/polynomials/Polynomial;)V" line="229"><counter type="INSTRUCTION" missed="0" covered="5"/><counter type="LINE" missed="0" covered="2"/><counter type="COMPLEXITY" missed="0" covered="1"/><counter type="METHOD" missed="0" covered="1"/></method><method name="subtractAndReturnNew" desc="(Lcom/irurueta/numerical/polynomials/Polynomial;)Lcom/irurueta/numerical/polynomials/Polynomial;" line="239"><counter type="INSTRUCTION" missed="0" covered="19"/><counter type="LINE" missed="0" covered="4"/><counter type="COMPLEXITY" missed="0" covered="1"/><counter type="METHOD" missed="0" covered="1"/></method><method name="multiply" desc="(Lcom/irurueta/numerical/polynomials/Polynomial;Lcom/irurueta/numerical/polynomials/Polynomial;)V" line="252"><counter type="INSTRUCTION" missed="7" covered="31"/><counter type="BRANCH" missed="1" covered="3"/><counter type="LINE" missed="1" covered="6"/><counter type="COMPLEXITY" missed="1" covered="2"/><counter type="METHOD" missed="0" covered="1"/></method><method name="multiply" desc="(Lcom/irurueta/numerical/polynomials/Polynomial;)V" line="272"><counter type="INSTRUCTION" missed="0" covered="5"/><counter type="LINE" missed="0" covered="2"/><counter type="COMPLEXITY" missed="0" covered="1"/><counter type="METHOD" missed="0" covered="1"/></method><method name="multiplyAndReturnNew" desc="(Lcom/irurueta/numerical/polynomials/Polynomial;)Lcom/irurueta/numerical/polynomials/Polynomial;" line="281"><counter type="INSTRUCTION" missed="0" covered="28"/><counter type="LINE" missed="0" covered="6"/><counter type="COMPLEXITY" missed="0" covered="1"/><counter type="METHOD" missed="0" covered="1"/></method><method name="multiplyByScalar" desc="(DLcom/irurueta/numerical/polynomials/Polynomial;)V" line="298"><counter type="INSTRUCTION" missed="0" covered="26"/><counter type="BRANCH" missed="0" covered="4"/><counter type="LINE" missed="0" covered="6"/><counter type="COMPLEXITY" missed="0" covered="3"/><counter type="METHOD" missed="0" covered="1"/></method><method name="multiplyByScalar" desc="(D)V" line="311"><counter type="INSTRUCTION" missed="0" covered="5"/><counter type="LINE" missed="0" covered="2"/><counter type="COMPLEXITY" missed="0" covered="1"/><counter type="METHOD" missed="0" covered="1"/></method><method name="multiplyByScalarAndReturnNew" desc="(D)Lcom/irurueta/numerical/polynomials/Polynomial;" line="321"><counter type="INSTRUCTION" missed="0" covered="13"/><counter type="LINE" missed="0" covered="3"/><counter type="COMPLEXITY" missed="0" covered="1"/><counter type="METHOD" missed="0" covered="1"/></method><method name="getRoots" desc="()[Lcom/irurueta/algebra/Complex;" line="332"><counter type="INSTRUCTION" missed="0" covered="62"/><counter type="BRANCH" missed="0" covered="7"/><counter type="LINE" missed="0" covered="15"/><counter type="COMPLEXITY" missed="0" covered="6"/><counter type="METHOD" missed="0" covered="1"/></method><method name="evaluate" desc="(D)D" line="375"><counter type="INSTRUCTION" missed="0" covered="33"/><counter type="BRANCH" missed="0" covered="2"/><counter type="LINE" missed="0" covered="6"/><counter type="COMPLEXITY" missed="0" covered="2"/><counter type="METHOD" missed="0" covered="1"/></method><method name="derivative" desc="(Lcom/irurueta/numerical/polynomials/Polynomial;)V" line="391"><counter type="INSTRUCTION" missed="0" covered="53"/><counter type="BRANCH" missed="0" covered="8"/><counter type="LINE" missed="0" covered="11"/><counter type="COMPLEXITY" missed="0" covered="5"/><counter type="METHOD" missed="0" covered="1"/></method><method name="derivative" desc="()V" line="413"><counter type="INSTRUCTION" missed="0" covered="4"/><counter type="LINE" missed="0" covered="2"/><counter type="COMPLEXITY" missed="0" covered="1"/><counter type="METHOD" missed="0" covered="1"/></method><method name="derivativeAndReturnNew" desc="()Lcom/irurueta/numerical/polynomials/Polynomial;" line="421"><counter type="INSTRUCTION" missed="0" covered="18"/><counter type="LINE" missed="0" covered="4"/><counter type="COMPLEXITY" missed="0" covered="1"/><counter type="METHOD" missed="0" covered="1"/></method><method name="evaluateDerivative" desc="(D)D" line="433"><counter type="INSTRUCTION" missed="0" covered="31"/><counter type="BRANCH" missed="0" covered="2"/><counter type="LINE" missed="0" covered="6"/><counter type="COMPLEXITY" missed="0" covered="2"/><counter type="METHOD" missed="0" covered="1"/></method><method name="secondDerivative" desc="(Lcom/irurueta/numerical/polynomials/Polynomial;)V" line="449"><counter type="INSTRUCTION" missed="0" covered="58"/><counter type="BRANCH" missed="1" covered="7"/><counter type="LINE" missed="0" covered="11"/><counter type="COMPLEXITY" missed="1" covered="4"/><counter type="METHOD" missed="0" covered="1"/></method><method name="secondDerivative" desc="()V" line="471"><counter type="INSTRUCTION" missed="0" covered="4"/><counter type="LINE" missed="0" covered="2"/><counter type="COMPLEXITY" missed="0" covered="1"/><counter type="METHOD" missed="0" covered="1"/></method><method name="secondDerivativeAndReturnNew" desc="()Lcom/irurueta/numerical/polynomials/Polynomial;" line="479"><counter type="INSTRUCTION" missed="0" covered="18"/><counter type="LINE" missed="0" covered="4"/><counter type="COMPLEXITY" missed="0" covered="1"/><counter type="METHOD" missed="0" covered="1"/></method><method name="evaluateSecondDerivative" desc="(D)D" line="491"><counter type="INSTRUCTION" missed="0" covered="36"/><counter type="BRANCH" missed="0" covered="2"/><counter type="LINE" missed="0" covered="6"/><counter type="COMPLEXITY" missed="0" covered="2"/><counter type="METHOD" missed="0" covered="1"/></method><method name="nthDerivative" desc="(ILcom/irurueta/numerical/polynomials/Polynomial;)V" line="510"><counter type="INSTRUCTION" missed="0" covered="75"/><counter type="BRANCH" missed="0" covered="12"/><counter type="LINE" missed="0" covered="15"/><counter type="COMPLEXITY" missed="0" covered="7"/><counter type="METHOD" missed="0" covered="1"/></method><method name="nthDerivative" desc="(I)V" line="540"><counter type="INSTRUCTION" missed="0" covered="5"/><counter type="LINE" missed="0" covered="2"/><counter type="COMPLEXITY" missed="0" covered="1"/><counter type="METHOD" missed="0" covered="1"/></method><method name="nthDerivativeAndReturnNew" desc="(I)Lcom/irurueta/numerical/polynomials/Polynomial;" line="550"><counter type="INSTRUCTION" missed="0" covered="19"/><counter type="LINE" missed="0" covered="4"/><counter type="COMPLEXITY" missed="0" covered="1"/><counter type="METHOD" missed="0" covered="1"/></method><method name="evaluateNthDerivative" desc="(DI)D" line="564"><counter type="INSTRUCTION" missed="5" covered="49"/><counter type="BRANCH" missed="1" covered="5"/><counter type="LINE" missed="1" covered="10"/><counter type="COMPLEXITY" missed="1" covered="3"/><counter type="METHOD" missed="0" covered="1"/></method><method name="integration" desc="(Lcom/irurueta/numerical/polynomials/Polynomial;D)V" line="590"><counter type="INSTRUCTION" missed="0" covered="49"/><counter type="BRANCH" missed="1" covered="5"/><counter type="LINE" missed="0" covered="9"/><counter type="COMPLEXITY" missed="1" covered="3"/><counter type="METHOD" missed="0" covered="1"/></method><method name="integration" desc="(Lcom/irurueta/numerical/polynomials/Polynomial;)V" line="610"><counter type="INSTRUCTION" missed="0" covered="5"/><counter type="LINE" missed="0" covered="2"/><counter type="COMPLEXITY" missed="0" covered="1"/><counter type="METHOD" missed="0" covered="1"/></method><method name="integration" desc="(D)V" line="618"><counter type="INSTRUCTION" missed="0" covered="5"/><counter type="LINE" missed="0" covered="2"/><counter type="COMPLEXITY" missed="0" covered="1"/><counter type="METHOD" missed="0" covered="1"/></method><method name="integration" desc="()V" line="626"><counter type="INSTRUCTION" missed="0" covered="4"/><counter type="LINE" missed="0" covered="2"/><counter type="COMPLEXITY" missed="0" covered="1"/><counter type="METHOD" missed="0" covered="1"/></method><method name="integrationAndReturnNew" desc="(D)Lcom/irurueta/numerical/polynomials/Polynomial;" line="637"><counter type="INSTRUCTION" missed="0" covered="15"/><counter type="LINE" missed="0" covered="3"/><counter type="COMPLEXITY" missed="0" covered="1"/><counter type="METHOD" missed="0" covered="1"/></method><method name="integrationAndReturnNew" desc="()Lcom/irurueta/numerical/polynomials/Polynomial;" line="648"><counter type="INSTRUCTION" missed="0" covered="4"/><counter type="LINE" missed="0" covered="1"/><counter type="COMPLEXITY" missed="0" covered="1"/><counter type="METHOD" missed="0" covered="1"/></method><method name="integrateInterval" desc="(DD)D" line="660"><counter type="INSTRUCTION" missed="0" covered="52"/><counter type="BRANCH" missed="0" covered="2"/><counter type="LINE" missed="0" covered="11"/><counter type="COMPLEXITY" missed="0" covered="2"/><counter type="METHOD" missed="0" covered="1"/></method><method name="nthIntegration" desc="(ILcom/irurueta/numerical/polynomials/Polynomial;[D)V" line="690"><counter type="INSTRUCTION" missed="10" covered="105"/><counter type="BRANCH" missed="3" covered="17"/><counter type="LINE" missed="2" covered="21"/><counter type="COMPLEXITY" missed="3" covered="8"/><counter type="METHOD" missed="0" covered="1"/></method><method name="nthIntegration" desc="(ILcom/irurueta/numerical/polynomials/Polynomial;)V" line="732"><counter type="INSTRUCTION" missed="0" covered="6"/><counter type="LINE" missed="0" covered="2"/><counter type="COMPLEXITY" missed="0" covered="1"/><counter type="METHOD" missed="0" covered="1"/></method><method name="nthIntegration" desc="(I[D)V" line="746"><counter type="INSTRUCTION" missed="0" covered="6"/><counter type="LINE" missed="0" covered="2"/><counter type="COMPLEXITY" missed="0" covered="1"/><counter type="METHOD" missed="0" covered="1"/></method><method name="nthIntegration" desc="(I)V" line="754"><counter type="INSTRUCTION" missed="0" covered="6"/><counter type="LINE" missed="0" covered="2"/><counter type="COMPLEXITY" missed="0" covered="1"/><counter type="METHOD" missed="0" covered="1"/></method><method name="nthIntegrationAndReturnNew" desc="(I[D)Lcom/irurueta/numerical/polynomials/Polynomial;" line="769"><counter type="INSTRUCTION" missed="0" covered="11"/><counter type="LINE" missed="0" covered="3"/><counter type="COMPLEXITY" missed="0" covered="1"/><counter type="METHOD" missed="0" covered="1"/></method><method name="nthIntegrationAndReturnNew" desc="(I)Lcom/irurueta/numerical/polynomials/Polynomial;" line="782"><counter type="INSTRUCTION" missed="0" covered="5"/><counter type="LINE" missed="0" covered="1"/><counter type="COMPLEXITY" missed="0" covered="1"/><counter type="METHOD" missed="0" covered="1"/></method><method name="nthOrderIntegrateInterval" desc="(DDI[D)D" line="799"><counter type="INSTRUCTION" missed="8" covered="125"/><counter type="BRANCH" missed="2" covered="14"/><counter type="LINE" missed="2" covered="26"/><counter type="COMPLEXITY" missed="2" covered="7"/><counter type="METHOD" missed="0" covered="1"/></method><method name="nthOrderIntegrateInterval" desc="(DDI)D" line="851"><counter type="INSTRUCTION" missed="0" covered="7"/><counter type="LINE" missed="0" covered="1"/><counter type="COMPLEXITY" missed="0" covered="1"/><counter type="METHOD" missed="0" covered="1"/></method><method name="trim" desc="(Lcom/irurueta/numerical/polynomials/Polynomial;)V" line="859"><counter type="INSTRUCTION" missed="0" covered="30"/><counter type="BRANCH" missed="0" covered="2"/><counter type="LINE" missed="0" covered="8"/><counter type="COMPLEXITY" missed="0" covered="2"/><counter type="METHOD" missed="0" covered="1"/></method><method name="trim" desc="()V" line="878"><counter type="INSTRUCTION" missed="0" covered="4"/><counter type="LINE" missed="0" covered="2"/><counter type="COMPLEXITY" missed="0" covered="1"/><counter type="METHOD" missed="0" covered="1"/></method><method name="trimAndReturnNew" desc="()Lcom/irurueta/numerical/polynomials/Polynomial;" line="887"><counter type="INSTRUCTION" missed="0" covered="9"/><counter type="LINE" missed="0" covered="3"/><counter type="COMPLEXITY" missed="0" covered="1"/><counter type="METHOD" missed="0" covered="1"/></method><method name="normalize" desc="(Lcom/irurueta/numerical/polynomials/Polynomial;)V" line="900"><counter type="INSTRUCTION" missed="0" covered="22"/><counter type="BRANCH" missed="0" covered="2"/><counter type="LINE" missed="0" covered="6"/><counter type="COMPLEXITY" missed="0" covered="2"/><counter type="METHOD" missed="0" covered="1"/></method><method name="normalize" desc="()V" line="915"><counter type="INSTRUCTION" missed="0" covered="4"/><counter type="LINE" missed="0" covered="2"/><counter type="COMPLEXITY" missed="0" covered="1"/><counter type="METHOD" missed="0" covered="1"/></method><method name="normalizeAndReturnNew" desc="()Lcom/irurueta/numerical/polynomials/Polynomial;" line="926"><counter type="INSTRUCTION" missed="0" covered="12"/><counter type="LINE" missed="0" covered="3"/><counter type="COMPLEXITY" missed="0" covered="1"/><counter type="METHOD" missed="0" covered="1"/></method><method name="normalizeHighestDegreeTerm" desc="(Lcom/irurueta/numerical/polynomials/Polynomial;)V" line="937"><counter type="INSTRUCTION" missed="0" covered="33"/><counter type="BRANCH" missed="0" covered="2"/><counter type="LINE" missed="0" covered="8"/><counter type="COMPLEXITY" missed="0" covered="2"/><counter type="METHOD" missed="0" covered="1"/></method><method name="normalizeHighestDegreeTerm" desc="()V" line="952"><counter type="INSTRUCTION" missed="0" covered="4"/><counter type="LINE" missed="0" covered="2"/><counter type="COMPLEXITY" missed="0" covered="1"/><counter type="METHOD" missed="0" covered="1"/></method><method name="normalizeHighestDegreeTermAndReturnNew" desc="()Lcom/irurueta/numerical/polynomials/Polynomial;" line="961"><counter type="INSTRUCTION" missed="0" covered="12"/><counter type="LINE" missed="0" covered="3"/><counter type="COMPLEXITY" missed="0" covered="1"/><counter type="METHOD" missed="0" covered="1"/></method><method name="getMaxima" desc="()[D" line="973"><counter type="INSTRUCTION" missed="0" covered="4"/><counter type="LINE" missed="0" covered="1"/><counter type="COMPLEXITY" missed="0" covered="1"/><counter type="METHOD" missed="0" covered="1"/></method><method name="getMaxima" desc="(D)[D" line="988"><counter type="INSTRUCTION" missed="1" covered="87"/><counter type="BRANCH" missed="1" covered="13"/><counter type="LINE" missed="1" covered="21"/><counter type="COMPLEXITY" missed="1" covered="7"/><counter type="METHOD" missed="0" covered="1"/></method><method name="getMinima" desc="()[D" line="1036"><counter type="INSTRUCTION" missed="0" covered="4"/><counter type="LINE" missed="0" covered="1"/><counter type="COMPLEXITY" missed="0" covered="1"/><counter type="METHOD" missed="0" covered="1"/></method><method name="getMinima" desc="(D)[D" line="1051"><counter type="INSTRUCTION" missed="5" covered="83"/><counter type="BRANCH" missed="2" covered="12"/><counter type="LINE" missed="2" covered="20"/><counter type="COMPLEXITY" missed="2" covered="6"/><counter type="METHOD" missed="0" covered="1"/></method><method name="getExtrema" desc="()[D" line="1100"><counter type="INSTRUCTION" missed="0" covered="4"/><counter type="LINE" missed="0" covered="1"/><counter type="COMPLEXITY" missed="0" covered="1"/><counter type="METHOD" missed="0" covered="1"/></method><method name="getExtrema" desc="(D)[D" line="1116"><counter type="INSTRUCTION" missed="6" covered="72"/><counter type="BRANCH" missed="2" covered="10"/><counter type="LINE" missed="2" covered="17"/><counter type="COMPLEXITY" missed="2" covered="5"/><counter type="METHOD" missed="0" covered="1"/></method><counter type="INSTRUCTION" missed="42" covered="1641"/><counter type="BRANCH" missed="16" covered="155"/><counter type="LINE" missed="11" covered="368"/><counter type="COMPLEXITY" missed="16" covered="133"/><counter type="METHOD" missed="0" covered="62"/><counter type="CLASS" missed="0" covered="1"/></class><sourcefile name="PolynomialsException.java"><line nr="29" mi="0" ci="2" mb="0" cb="0"/><line nr="30" mi="0" ci="1" mb="0" cb="0"/><line nr="37" mi="0" ci="3" mb="0" cb="0"/><line nr="38" mi="0" ci="1" mb="0" cb="0"/><line nr="46" mi="0" ci="4" mb="0" cb="0"/><line nr="47" mi="0" ci="1" mb="0" cb="0"/><line nr="54" mi="0" ci="3" mb="0" cb="0"/><line nr="55" mi="0" ci="1" mb="0" cb="0"/><counter type="INSTRUCTION" missed="0" covered="16"/><counter type="LINE" missed="0" covered="8"/><counter type="COMPLEXITY" missed="0" covered="4"/><counter type="METHOD" missed="0" covered="4"/><counter type="CLASS" missed="0" covered="1"/></sourcefile><sourcefile name="Polynomial.java"><line nr="61" mi="0" ci="2" mb="0" cb="0"/><line nr="62" mi="0" ci="4" mb="0" cb="0"/><line nr="63" mi="0" ci="1" mb="0" cb="0"/><line nr="70" mi="0" ci="2" mb="0" cb="0"/><line nr="71" mi="0" ci="3" mb="0" cb="2"/><line nr="72" mi="0" ci="5" mb="0" cb="0"/><line nr="75" mi="0" ci="4" mb="0" cb="0"/><line nr="76" mi="0" ci="1" mb="0" cb="0"/><line nr="86" mi="0" ci="2" mb="0" cb="0"/><line nr="87" mi="0" ci="3" mb="0" cb="0"/><line nr="88" mi="0" ci="1" mb="0" cb="0"/><line nr="97" mi="0" ci="3" mb="0" cb="0"/><line nr="110" mi="0" ci="4" mb="0" cb="2"/><line nr="111" mi="0" ci="5" mb="0" cb="0"/><line nr="114" mi="0" ci="3" mb="0" cb="0"/><line nr="115" mi="0" ci="1" mb="0" cb="0"/><line nr="122" mi="0" ci="11" mb="0" cb="2"/><line nr="123" mi="0" ci="8" mb="0" cb="2"/><line nr="124" mi="0" ci="2" mb="0" cb="0"/><line nr="128" mi="0" ci="2" mb="0" cb="0"/><line nr="139" mi="0" ci="8" mb="0" cb="0"/><line nr="140" mi="0" ci="8" mb="0" cb="0"/><line nr="142" mi="0" ci="3" mb="0" cb="0"/><line nr="143" mi="0" ci="4" mb="0" cb="2"/><line nr="144" mi="0" ci="3" mb="0" cb="0"/><line nr="147" mi="0" ci="7" mb="0" cb="2"/><line nr="148" mi="0" ci="12" mb="0" cb="0"/><line nr="151" mi="0" ci="4" mb="1" cb="1"/><line nr="152" mi="0" ci="7" mb="0" cb="2"/><line nr="154" mi="0" ci="10" mb="0" cb="0"/><line nr="158" mi="0" ci="9" mb="0" cb="0"/><line nr="163" mi="0" ci="3" mb="0" cb="0"/><line nr="164" mi="0" ci="1" mb="0" cb="0"/><line nr="171" mi="0" ci="4" mb="0" cb="0"/><line nr="172" mi="0" ci="1" mb="0" cb="0"/><line nr="181" mi="0" ci="8" mb="0" cb="0"/><line nr="182" mi="0" ci="5" mb="0" cb="0"/><line nr="183" mi="0" ci="4" mb="0" cb="0"/><line nr="185" mi="0" ci="2" mb="0" cb="0"/><line nr="196" mi="0" ci="8" mb="0" cb="0"/><line nr="197" mi="0" ci="8" mb="0" cb="0"/><line nr="199" mi="0" ci="3" mb="0" cb="0"/><line nr="200" mi="0" ci="4" mb="0" cb="2"/><line nr="201" mi="0" ci="3" mb="0" cb="0"/><line nr="204" mi="0" ci="7" mb="0" cb="2"/><line nr="205" mi="0" ci="12" mb="0" cb="0"/><line nr="208" mi="0" ci="4" mb="1" cb="1"/><line nr="209" mi="0" ci="7" mb="0" cb="2"/><line nr="211" mi="0" ci="10" mb="0" cb="0"/><line nr="215" mi="0" ci="7" mb="0" cb="2"/><line nr="216" mi="0" ci="8" mb="0" cb="0"/><line nr="221" mi="0" ci="3" mb="0" cb="0"/><line nr="222" mi="0" ci="1" mb="0" cb="0"/><line nr="229" mi="0" ci="4" mb="0" cb="0"/><line nr="230" mi="0" ci="1" mb="0" cb="0"/><line nr="239" mi="0" ci="8" mb="0" cb="0"/><line nr="240" mi="0" ci="5" mb="0" cb="0"/><line nr="241" mi="0" ci="4" mb="0" cb="0"/><line nr="243" mi="0" ci="2" mb="0" cb="0"/><line nr="252" mi="0" ci="4" mb="0" cb="0"/><line nr="253" mi="0" ci="4" mb="0" cb="0"/><line nr="254" mi="0" ci="6" mb="0" cb="0"/><line nr="255" mi="0" ci="8" mb="1" cb="3"/><line nr="258" mi="0" ci="8" mb="0" cb="0"/><line nr="262" mi="7" ci="0" mb="0" cb="0"/><line nr="265" mi="0" ci="1" mb="0" cb="0"/><line nr="272" mi="0" ci="4" mb="0" cb="0"/><line nr="273" mi="0" ci="1" mb="0" cb="0"/><line nr="281" mi="0" ci="4" mb="0" cb="0"/><line nr="282" mi="0" ci="4" mb="0" cb="0"/><line nr="283" mi="0" ci="6" mb="0" cb="0"/><line nr="284" mi="0" ci="5" mb="0" cb="0"/><line nr="285" mi="0" ci="7" mb="0" cb="0"/><line nr="288" mi="0" ci="2" mb="0" cb="0"/><line nr="298" mi="0" ci="3" mb="0" cb="0"/><line nr="299" mi="0" ci="9" mb="0" cb="4"/><line nr="300" mi="0" ci="5" mb="0" cb="0"/><line nr="302" mi="0" ci="5" mb="0" cb="0"/><line nr="303" mi="0" ci="3" mb="0" cb="0"/><line nr="304" mi="0" ci="1" mb="0" cb="0"/><line nr="311" mi="0" ci="4" mb="0" cb="0"/><line nr="312" mi="0" ci="1" mb="0" cb="0"/><line nr="321" mi="0" ci="7" mb="0" cb="0"/><line nr="322" mi="0" ci="4" mb="0" cb="0"/><line nr="323" mi="0" ci="2" mb="0" cb="0"/><line nr="332" mi="0" ci="3" mb="0" cb="0"/><line nr="335" mi="0" ci="2" mb="0" cb="5"/><line nr="338" mi="0" ci="2" mb="0" cb="0"/><line nr="341" mi="0" ci="6" mb="0" cb="0"/><line nr="343" mi="0" ci="1" mb="0" cb="0"/><line nr="346" mi="0" ci="6" mb="0" cb="0"/><line nr="348" mi="0" ci="1" mb="0" cb="0"/><line nr="351" mi="0" ci="6" mb="0" cb="0"/><line nr="353" mi="0" ci="1" mb="0" cb="0"/><line nr="358" mi="0" ci="5" mb="0" cb="0"/><line nr="359" mi="0" ci="9" mb="0" cb="2"/><line nr="360" mi="0" ci="10" mb="0" cb="0"/><line nr="361" mi="0" ci="5" mb="0" cb="0"/><line nr="365" mi="0" ci="2" mb="0" cb="0"/><line nr="366" mi="0" ci="3" mb="0" cb="0"/><line nr="375" mi="0" ci="2" mb="0" cb="0"/><line nr="376" mi="0" ci="2" mb="0" cb="0"/><line nr="377" mi="0" ci="17" mb="0" cb="2"/><line nr="378" mi="0" ci="6" mb="0" cb="0"/><line nr="379" mi="0" ci="4" mb="0" cb="0"/><line nr="382" mi="0" ci="2" mb="0" cb="0"/><line nr="391" mi="0" ci="6" mb="0" cb="0"/><line nr="392" mi="0" ci="4" mb="0" cb="0"/><line nr="394" mi="0" ci="3" mb="0" cb="0"/><line nr="395" mi="0" ci="7" mb="0" cb="4"/><line nr="396" mi="0" ci="3" mb="0" cb="0"/><line nr="398" mi="0" ci="2" mb="0" cb="2"/><line nr="399" mi="0" ci="4" mb="0" cb="0"/><line nr="402" mi="0" ci="10" mb="0" cb="2"/><line nr="403" mi="0" ci="10" mb="0" cb="0"/><line nr="406" mi="0" ci="3" mb="0" cb="0"/><line nr="407" mi="0" ci="1" mb="0" cb="0"/><line nr="413" mi="0" ci="3" mb="0" cb="0"/><line nr="414" mi="0" ci="1" mb="0" cb="0"/><line nr="421" mi="0" ci="8" mb="0" cb="0"/><line nr="422" mi="0" ci="5" mb="0" cb="0"/><line nr="423" mi="0" ci="3" mb="0" cb="0"/><line nr="424" mi="0" ci="2" mb="0" cb="0"/><line nr="433" mi="0" ci="2" mb="0" cb="0"/><line nr="434" mi="0" ci="2" mb="0" cb="0"/><line nr="435" mi="0" ci="9" mb="0" cb="2"/><line nr="436" mi="0" ci="12" mb="0" cb="0"/><line nr="437" mi="0" ci="4" mb="0" cb="0"/><line nr="440" mi="0" ci="2" mb="0" cb="0"/><line nr="449" mi="0" ci="6" mb="0" cb="0"/><line nr="450" mi="0" ci="4" mb="0" cb="0"/><line nr="452" mi="0" ci="3" mb="0" cb="0"/><line nr="453" mi="0" ci="7" mb="1" cb="3"/><line nr="454" mi="0" ci="3" mb="0" cb="0"/><line nr="456" mi="0" ci="2" mb="0" cb="2"/><line nr="457" mi="0" ci="4" mb="0" cb="0"/><line nr="460" mi="0" ci="13" mb="0" cb="2"/><line nr="461" mi="0" ci="12" mb="0" cb="0"/><line nr="464" mi="0" ci="3" mb="0" cb="0"/><line nr="465" mi="0" ci="1" mb="0" cb="0"/><line nr="471" mi="0" ci="3" mb="0" cb="0"/><line nr="472" mi="0" ci="1" mb="0" cb="0"/><line nr="479" mi="0" ci="8" mb="0" cb="0"/><line nr="480" mi="0" ci="5" mb="0" cb="0"/><line nr="481" mi="0" ci="3" mb="0" cb="0"/><line nr="482" mi="0" ci="2" mb="0" cb="0"/><line nr="491" mi="0" ci="2" mb="0" cb="0"/><line nr="492" mi="0" ci="2" mb="0" cb="0"/><line nr="493" mi="0" ci="12" mb="0" cb="2"/><line nr="494" mi="0" ci="14" mb="0" cb="0"/><line nr="495" mi="0" ci="4" mb="0" cb="0"/><line nr="498" mi="0" ci="2" mb="0" cb="0"/><line nr="510" mi="0" ci="3" mb="0" cb="2"/><line nr="511" mi="0" ci="4" mb="0" cb="0"/><line nr="514" mi="0" ci="6" mb="0" cb="0"/><line nr="515" mi="0" ci="4" mb="0" cb="0"/><line nr="517" mi="0" ci="3" mb="0" cb="0"/><line nr="518" mi="0" ci="7" mb="0" cb="4"/><line nr="519" mi="0" ci="3" mb="0" cb="0"/><line nr="521" mi="0" ci="6" mb="0" cb="2"/><line nr="523" mi="0" ci="10" mb="0" cb="2"/><line nr="524" mi="0" ci="2" mb="0" cb="0"/><line nr="525" mi="0" ci="7" mb="0" cb="2"/><line nr="526" mi="0" ci="6" mb="0" cb="0"/><line nr="528" mi="0" ci="10" mb="0" cb="0"/><line nr="531" mi="0" ci="3" mb="0" cb="0"/><line nr="532" mi="0" ci="1" mb="0" cb="0"/><line nr="540" mi="0" ci="4" mb="0" cb="0"/><line nr="541" mi="0" ci="1" mb="0" cb="0"/><line nr="550" mi="0" ci="8" mb="0" cb="0"/><line nr="551" mi="0" ci="5" mb="0" cb="0"/><line nr="552" mi="0" ci="4" mb="0" cb="0"/><line nr="553" mi="0" ci="2" mb="0" cb="0"/><line nr="564" mi="0" ci="3" mb="1" cb="1"/><line nr="565" mi="5" ci="0" mb="0" cb="0"/><line nr="568" mi="0" ci="2" mb="0" cb="0"/><line nr="569" mi="0" ci="2" mb="0" cb="0"/><line nr="570" mi="0" ci="9" mb="0" cb="2"/><line nr="571" mi="0" ci="2" mb="0" cb="0"/><line nr="572" mi="0" ci="7" mb="0" cb="2"/><line nr="573" mi="0" ci="6" mb="0" cb="0"/><line nr="575" mi="0" ci="12" mb="0" cb="0"/><line nr="576" mi="0" ci="4" mb="0" cb="0"/><line nr="579" mi="0" ci="2" mb="0" cb="0"/><line nr="590" mi="0" ci="6" mb="0" cb="0"/><line nr="591" mi="0" ci="3" mb="0" cb="0"/><line nr="592" mi="0" ci="7" mb="1" cb="3"/><line nr="593" mi="0" ci="3" mb="0" cb="0"/><line nr="596" mi="0" ci="4" mb="0" cb="0"/><line nr="597" mi="0" ci="12" mb="0" cb="2"/><line nr="598" mi="0" ci="10" mb="0" cb="0"/><line nr="601" mi="0" ci="3" mb="0" cb="0"/><line nr="602" mi="0" ci="1" mb="0" cb="0"/><line nr="610" mi="0" ci="4" mb="0" cb="0"/><line nr="611" mi="0" ci="1" mb="0" cb="0"/><line nr="618" mi="0" ci="4" mb="0" cb="0"/><line nr="619" mi="0" ci="1" mb="0" cb="0"/><line nr="626" mi="0" ci="3" mb="0" cb="0"/><line nr="627" mi="0" ci="1" mb="0" cb="0"/><line nr="637" mi="0" ci="9" mb="0" cb="0"/><line nr="638" mi="0" ci="4" mb="0" cb="0"/><line nr="639" mi="0" ci="2" mb="0" cb="0"/><line nr="648" mi="0" ci="4" mb="0" cb="0"/><line nr="660" mi="0" ci="2" mb="0" cb="0"/><line nr="661" mi="0" ci="2" mb="0" cb="0"/><line nr="662" mi="0" ci="2" mb="0" cb="0"/><line nr="663" mi="0" ci="2" mb="0" cb="0"/><line nr="665" mi="0" ci="12" mb="0" cb="2"/><line nr="666" mi="0" ci="8" mb="0" cb="0"/><line nr="667" mi="0" ci="6" mb="0" cb="0"/><line nr="668" mi="0" ci="4" mb="0" cb="0"/><line nr="670" mi="0" ci="6" mb="0" cb="0"/><line nr="671" mi="0" ci="4" mb="0" cb="0"/><line nr="674" mi="0" ci="4" mb="0" cb="0"/><line nr="690" mi="0" ci="3" mb="1" cb="1"/><line nr="691" mi="5" ci="0" mb="0" cb="0"/><line nr="693" mi="0" ci="6" mb="1" cb="3"/><line nr="694" mi="5" ci="0" mb="0" cb="0"/><line nr="697" mi="0" ci="6" mb="0" cb="0"/><line nr="698" mi="0" ci="3" mb="0" cb="0"/><line nr="699" mi="0" ci="7" mb="1" cb="3"/><line nr="700" mi="0" ci="3" mb="0" cb="0"/><line nr="703" mi="0" ci="7" mb="0" cb="2"/><line nr="704" mi="0" ci="2" mb="0" cb="2"/><line nr="705" mi="0" ci="2" mb="0" cb="0"/><line nr="706" mi="0" ci="7" mb="0" cb="2"/><line nr="707" mi="0" ci="4" mb="0" cb="0"/><line nr="709" mi="0" ci="9" mb="0" cb="0"/><line nr="710" mi="0" ci="1" mb="0" cb="0"/><line nr="711" mi="0" ci="4" mb="0" cb="0"/><line nr="714" mi="0" ci="12" mb="0" cb="2"/><line nr="715" mi="0" ci="2" mb="0" cb="0"/><line nr="716" mi="0" ci="7" mb="0" cb="2"/><line nr="717" mi="0" ci="6" mb="0" cb="0"/><line nr="719" mi="0" ci="10" mb="0" cb="0"/><line nr="722" mi="0" ci="3" mb="0" cb="0"/><line nr="723" mi="0" ci="1" mb="0" cb="0"/><line nr="732" mi="0" ci="5" mb="0" cb="0"/><line nr="733" mi="0" ci="1" mb="0" cb="0"/><line nr="746" mi="0" ci="5" mb="0" cb="0"/><line nr="747" mi="0" ci="1" mb="0" cb="0"/><line nr="754" mi="0" ci="5" mb="0" cb="0"/><line nr="755" mi="0" ci="1" mb="0" cb="0"/><line nr="769" mi="0" ci="4" mb="0" cb="0"/><line nr="770" mi="0" ci="5" mb="0" cb="0"/><line nr="771" mi="0" ci="2" mb="0" cb="0"/><line nr="782" mi="0" ci="5" mb="0" cb="0"/><line nr="799" mi="0" ci="3" mb="1" cb="1"/><line nr="800" mi="4" ci="0" mb="0" cb="0"/><line nr="802" mi="0" ci="6" mb="1" cb="3"/><line nr="803" mi="4" ci="0" mb="0" cb="0"/><line nr="806" mi="0" ci="2" mb="0" cb="0"/><line nr="807" mi="0" ci="2" mb="0" cb="0"/><line nr="808" mi="0" ci="2" mb="0" cb="0"/><line nr="809" mi="0" ci="2" mb="0" cb="0"/><line nr="811" mi="0" ci="7" mb="0" cb="2"/><line nr="812" mi="0" ci="2" mb="0" cb="2"/><line nr="813" mi="0" ci="2" mb="0" cb="0"/><line nr="814" mi="0" ci="7" mb="0" cb="2"/><line nr="815" mi="0" ci="4" mb="0" cb="0"/><line nr="817" mi="0" ci="7" mb="0" cb="0"/><line nr="818" mi="0" ci="6" mb="0" cb="0"/><line nr="819" mi="0" ci="6" mb="0" cb="0"/><line nr="821" mi="0" ci="4" mb="0" cb="0"/><line nr="822" mi="0" ci="4" mb="0" cb="0"/><line nr="825" mi="0" ci="12" mb="0" cb="2"/><line nr="826" mi="0" ci="2" mb="0" cb="0"/><line nr="827" mi="0" ci="7" mb="0" cb="2"/><line nr="828" mi="0" ci="6" mb="0" cb="0"/><line nr="830" mi="0" ci="8" mb="0" cb="0"/><line nr="831" mi="0" ci="6" mb="0" cb="0"/><line nr="832" mi="0" ci="4" mb="0" cb="0"/><line nr="834" mi="0" ci="6" mb="0" cb="0"/><line nr="835" mi="0" ci="4" mb="0" cb="0"/><line nr="838" mi="0" ci="4" mb="0" cb="0"/><line nr="851" mi="0" ci="7" mb="0" cb="0"/><line nr="859" mi="0" ci="3" mb="0" cb="0"/><line nr="860" mi="0" ci="4" mb="0" cb="0"/><line nr="863" mi="0" ci="5" mb="0" cb="2"/><line nr="864" mi="0" ci="4" mb="0" cb="0"/><line nr="866" mi="0" ci="3" mb="0" cb="0"/><line nr="868" mi="0" ci="7" mb="0" cb="0"/><line nr="870" mi="0" ci="3" mb="0" cb="0"/><line nr="871" mi="0" ci="1" mb="0" cb="0"/><line nr="878" mi="0" ci="3" mb="0" cb="0"/><line nr="879" mi="0" ci="1" mb="0" cb="0"/><line nr="887" mi="0" ci="4" mb="0" cb="0"/><line nr="888" mi="0" ci="3" mb="0" cb="0"/><line nr="889" mi="0" ci="2" mb="0" cb="0"/><line nr="900" mi="0" ci="3" mb="0" cb="0"/><line nr="901" mi="0" ci="6" mb="0" cb="2"/><line nr="902" mi="0" ci="5" mb="0" cb="0"/><line nr="904" mi="0" ci="4" mb="0" cb="0"/><line nr="905" mi="0" ci="3" mb="0" cb="0"/><line nr="906" mi="0" ci="1" mb="0" cb="0"/><line nr="915" mi="0" ci="3" mb="0" cb="0"/><line nr="916" mi="0" ci="1" mb="0" cb="0"/><line nr="926" mi="0" ci="7" mb="0" cb="0"/><line nr="927" mi="0" ci="3" mb="0" cb="0"/><line nr="928" mi="0" ci="2" mb="0" cb="0"/><line nr="937" mi="0" ci="3" mb="0" cb="0"/><line nr="938" mi="0" ci="5" mb="0" cb="0"/><line nr="939" mi="0" ci="3" mb="0" cb="0"/><line nr="940" mi="0" ci="6" mb="0" cb="2"/><line nr="941" mi="0" ci="5" mb="0" cb="0"/><line nr="943" mi="0" ci="7" mb="0" cb="0"/><line nr="944" mi="0" ci="3" mb="0" cb="0"/><line nr="945" mi="0" ci="1" mb="0" cb="0"/><line nr="952" mi="0" ci="3" mb="0" cb="0"/><line nr="953" mi="0" ci="1" mb="0" cb="0"/><line nr="961" mi="0" ci="7" mb="0" cb="0"/><line nr="962" mi="0" ci="3" mb="0" cb="0"/><line nr="963" mi="0" ci="2" mb="0" cb="0"/><line nr="973" mi="0" ci="4" mb="0" cb="0"/><line nr="988" mi="0" ci="4" mb="0" cb="2"/><line nr="989" mi="0" ci="4" mb="0" cb="0"/><line nr="992" mi="0" ci="3" mb="0" cb="0"/><line nr="995" mi="0" ci="3" mb="0" cb="0"/><line nr="996" mi="0" ci="4" mb="0" cb="0"/><line nr="997" mi="0" ci="2" mb="0" cb="2"/><line nr="998" mi="0" ci="16" mb="0" cb="2"/><line nr="999" mi="0" ci="6" mb="1" cb="1"/><line nr="1001" mi="1" ci="0" mb="0" cb="0"/><line nr="1004" mi="0" ci="3" mb="0" cb="0"/><line nr="1005" mi="0" ci="4" mb="0" cb="0"/><line nr="1006" mi="0" ci="4" mb="0" cb="2"/><line nr="1008" mi="0" ci="4" mb="0" cb="0"/><line nr="1015" mi="0" ci="3" mb="0" cb="2"/><line nr="1016" mi="0" ci="2" mb="0" cb="0"/><line nr="1019" mi="0" ci="4" mb="0" cb="0"/><line nr="1020" mi="0" ci="2" mb="0" cb="0"/><line nr="1021" mi="0" ci="10" mb="0" cb="2"/><line nr="1022" mi="0" ci="5" mb="0" cb="0"/><line nr="1023" mi="0" ci="1" mb="0" cb="0"/><line nr="1024" mi="0" ci="1" mb="0" cb="0"/><line nr="1026" mi="0" ci="2" mb="0" cb="0"/><line nr="1036" mi="0" ci="4" mb="0" cb="0"/><line nr="1051" mi="0" ci="4" mb="1" cb="1"/><line nr="1052" mi="4" ci="0" mb="0" cb="0"/><line nr="1055" mi="0" ci="3" mb="0" cb="0"/><line nr="1058" mi="0" ci="3" mb="0" cb="0"/><line nr="1059" mi="0" ci="4" mb="0" cb="0"/><line nr="1060" mi="0" ci="2" mb="0" cb="2"/><line nr="1061" mi="0" ci="16" mb="0" cb="2"/><line nr="1062" mi="0" ci="6" mb="1" cb="1"/><line nr="1064" mi="1" ci="0" mb="0" cb="0"/><line nr="1067" mi="0" ci="3" mb="0" cb="0"/><line nr="1068" mi="0" ci="4" mb="0" cb="0"/><line nr="1069" mi="0" ci="4" mb="0" cb="2"/><line nr="1071" mi="0" ci="4" mb="0" cb="0"/><line nr="1078" mi="0" ci="3" mb="0" cb="2"/><line nr="1079" mi="0" ci="2" mb="0" cb="0"/><line nr="1082" mi="0" ci="4" mb="0" cb="0"/><line nr="1083" mi="0" ci="2" mb="0" cb="0"/><line nr="1084" mi="0" ci="10" mb="0" cb="2"/><line nr="1085" mi="0" ci="5" mb="0" cb="0"/><line nr="1086" mi="0" ci="1" mb="0" cb="0"/><line nr="1087" mi="0" ci="1" mb="0" cb="0"/><line nr="1089" mi="0" ci="2" mb="0" cb="0"/><line nr="1100" mi="0" ci="4" mb="0" cb="0"/><line nr="1116" mi="0" ci="4" mb="1" cb="1"/><line nr="1117" mi="5" ci="0" mb="0" cb="0"/><line nr="1120" mi="0" ci="3" mb="0" cb="0"/><line nr="1123" mi="0" ci="3" mb="0" cb="0"/><line nr="1124" mi="0" ci="4" mb="0" cb="0"/><line nr="1125" mi="0" ci="2" mb="0" cb="2"/><line nr="1126" mi="0" ci="16" mb="0" cb="2"/><line nr="1127" mi="0" ci="6" mb="1" cb="1"/><line nr="1129" mi="1" ci="0" mb="0" cb="0"/><line nr="1132" mi="0" ci="4" mb="0" cb="0"/><line nr="1138" mi="0" ci="3" mb="0" cb="2"/><line nr="1139" mi="0" ci="2" mb="0" cb="0"/><line nr="1142" mi="0" ci="4" mb="0" cb="0"/><line nr="1143" mi="0" ci="2" mb="0" cb="0"/><line nr="1144" mi="0" ci="10" mb="0" cb="2"/><line nr="1145" mi="0" ci="5" mb="0" cb="0"/><line nr="1146" mi="0" ci="1" mb="0" cb="0"/><line nr="1147" mi="0" ci="1" mb="0" cb="0"/><line nr="1149" mi="0" ci="2" mb="0" cb="0"/><counter type="INSTRUCTION" missed="42" covered="1641"/><counter type="BRANCH" missed="16" covered="155"/><counter type="LINE" missed="11" covered="368"/><counter type="COMPLEXITY" missed="16" covered="133"/><counter type="METHOD" missed="0" covered="62"/><counter type="CLASS" missed="0" covered="1"/></sourcefile><counter type="INSTRUCTION" missed="42" covered="1657"/><counter type="BRANCH" missed="16" covered="155"/><counter type="LINE" missed="11" covered="376"/><counter type="COMPLEXITY" missed="16" covered="137"/><counter type="METHOD" missed="0" covered="66"/><counter type="CLASS" missed="0" covered="2"/></package><package name="com/irurueta/numerical/fitting"><class name="com/irurueta/numerical/fitting/MultiDimensionFitter" sourcefilename="MultiDimensionFitter.java"><method name="&lt;init&gt;" desc="()V" line="70"><counter type="INSTRUCTION" missed="0" covered="3"/><counter type="LINE" missed="0" covered="1"/><counter type="COMPLEXITY" missed="0" covered="1"/><counter type="METHOD" missed="0" covered="1"/></method><method name="&lt;init&gt;" desc="(Lcom/irurueta/algebra/Matrix;[D[D)V" line="82"><counter type="INSTRUCTION" missed="0" covered="8"/><counter type="LINE" missed="0" covered="3"/><counter type="COMPLEXITY" missed="0" covered="1"/><counter type="METHOD" missed="0" covered="1"/></method><method name="&lt;init&gt;" desc="(Lcom/irurueta/algebra/Matrix;[DD)V" line="97"><counter type="INSTRUCTION" missed="0" covered="8"/><counter type="LINE" missed="0" covered="3"/><counter type="COMPLEXITY" missed="0" covered="1"/><counter type="METHOD" missed="0" covered="1"/></method><method name="getX" desc="()Lcom/irurueta/algebra/Matrix;" line="109"><counter type="INSTRUCTION" missed="0" covered="3"/><counter type="LINE" missed="0" covered="1"/><counter type="COMPLEXITY" missed="0" covered="1"/><counter type="METHOD" missed="0" covered="1"/></method><method name="getY" desc="()[D" line="118"><counter type="INSTRUCTION" missed="0" covered="3"/><counter type="LINE" missed="0" covered="1"/><counter type="COMPLEXITY" missed="0" covered="1"/><counter type="METHOD" missed="0" covered="1"/></method><method name="getSig" desc="()[D" line="126"><counter type="INSTRUCTION" missed="0" covered="3"/><counter type="LINE" missed="0" covered="1"/><counter type="COMPLEXITY" missed="0" covered="1"/><counter type="METHOD" missed="0" covered="1"/></method><method name="setInputData" desc="(Lcom/irurueta/algebra/Matrix;[D[D)V" line="143"><counter type="INSTRUCTION" missed="0" covered="28"/><counter type="BRANCH" missed="0" covered="4"/><counter type="LINE" missed="0" covered="7"/><counter type="COMPLEXITY" missed="0" covered="3"/><counter type="METHOD" missed="0" covered="1"/></method><method name="setInputData" desc="(Lcom/irurueta/algebra/Matrix;[DD)V" line="171"><counter type="INSTRUCTION" missed="0" covered="29"/><counter type="BRANCH" missed="0" covered="2"/><counter type="LINE" missed="0" covered="8"/><counter type="COMPLEXITY" missed="0" covered="2"/><counter type="METHOD" missed="0" covered="1"/></method><method name="getA" desc="()[D" line="189"><counter type="INSTRUCTION" missed="0" covered="3"/><counter type="LINE" missed="0" covered="1"/><counter type="COMPLEXITY" missed="0" covered="1"/><counter type="METHOD" missed="0" covered="1"/></method><method name="getCovar" desc="()Lcom/irurueta/algebra/Matrix;" line="198"><counter type="INSTRUCTION" missed="0" covered="3"/><counter type="LINE" missed="0" covered="1"/><counter type="COMPLEXITY" missed="0" covered="1"/><counter type="METHOD" missed="0" covered="1"/></method><method name="getChisq" desc="()D" line="206"><counter type="INSTRUCTION" missed="0" covered="3"/><counter type="LINE" missed="0" covered="1"/><counter type="COMPLEXITY" missed="0" covered="1"/><counter type="METHOD" missed="0" covered="1"/></method><counter type="INSTRUCTION" missed="0" covered="94"/><counter type="BRANCH" missed="0" covered="6"/><counter type="LINE" missed="0" covered="28"/><counter type="COMPLEXITY" missed="0" covered="14"/><counter type="METHOD" missed="0" covered="11"/><counter type="CLASS" missed="0" covered="1"/></class><class name="com/irurueta/numerical/fitting/SvdSingleDimensionLinearFitter" sourcefilename="SvdSingleDimensionLinearFitter.java"><method name="&lt;init&gt;" desc="()V" line="52"><counter type="INSTRUCTION" missed="0" covered="6"/><counter type="LINE" missed="0" covered="3"/><counter type="COMPLEXITY" missed="0" covered="1"/><counter type="METHOD" missed="0" covered="1"/></method><method name="&lt;init&gt;" desc="([D[D[D)V" line="67"><counter type="INSTRUCTION" missed="0" covered="9"/><counter type="LINE" missed="0" covered="3"/><counter type="COMPLEXITY" missed="0" covered="1"/><counter type="METHOD" missed="0" covered="1"/></method><method name="&lt;init&gt;" desc="([D[DD)V" line="83"><counter type="INSTRUCTION" missed="0" covered="9"/><counter type="LINE" missed="0" covered="3"/><counter type="COMPLEXITY" missed="0" covered="1"/><counter type="METHOD" missed="0" covered="1"/></method><method name="&lt;init&gt;" desc="(Lcom/irurueta/numerical/fitting/LinearFitterSingleDimensionFunctionEvaluator;)V" line="95"><counter type="INSTRUCTION" missed="0" covered="7"/><counter type="LINE" missed="0" covered="3"/><counter type="COMPLEXITY" missed="0" covered="1"/><counter type="METHOD" missed="0" covered="1"/></method><method name="&lt;init&gt;" desc="(Lcom/irurueta/numerical/fitting/LinearFitterSingleDimensionFunctionEvaluator;[D[D[D)V" line="115"><counter type="INSTRUCTION" missed="0" covered="10"/><counter type="LINE" missed="0" covered="3"/><counter type="COMPLEXITY" missed="0" covered="1"/><counter type="METHOD" missed="0" covered="1"/></method><method name="&lt;init&gt;" desc="(Lcom/irurueta/numerical/fitting/LinearFitterSingleDimensionFunctionEvaluator;[D[DD)V" line="135"><counter type="INSTRUCTION" missed="0" covered="10"/><counter type="LINE" missed="0" covered="3"/><counter type="COMPLEXITY" missed="0" covered="1"/><counter type="METHOD" missed="0" covered="1"/></method><method name="getTol" desc="()D" line="144"><counter type="INSTRUCTION" missed="0" covered="3"/><counter type="LINE" missed="0" covered="1"/><counter type="COMPLEXITY" missed="0" covered="1"/><counter type="METHOD" missed="0" covered="1"/></method><method name="setTol" desc="(D)V" line="152"><counter type="INSTRUCTION" missed="0" covered="4"/><counter type="LINE" missed="0" covered="2"/><counter type="COMPLEXITY" missed="0" covered="1"/><counter type="METHOD" missed="0" covered="1"/></method><method name="fit" desc="()V" line="164"><counter type="INSTRUCTION" missed="11" covered="218"/><counter type="BRANCH" missed="3" covered="17"/><counter type="LINE" missed="3" covered="35"/><counter type="COMPLEXITY" missed="3" covered="8"/><counter type="METHOD" missed="0" covered="1"/></method><counter type="INSTRUCTION" missed="11" covered="276"/><counter type="BRANCH" missed="3" covered="17"/><counter type="LINE" missed="3" covered="56"/><counter type="COMPLEXITY" missed="3" covered="16"/><counter type="METHOD" missed="0" covered="9"/><counter type="CLASS" missed="0" covered="1"/></class><class name="com/irurueta/numerical/fitting/LevenbergMarquardtMultiVariateFitter" sourcefilename="LevenbergMarquardtMultiVariateFitter.java"><method name="&lt;init&gt;" desc="()V" line="62"><counter type="INSTRUCTION" missed="0" covered="21"/><counter type="LINE" missed="0" covered="8"/><counter type="COMPLEXITY" missed="0" covered="1"/><counter type="METHOD" missed="0" covered="1"/></method><method name="&lt;init&gt;" desc="(Lcom/irurueta/algebra/Matrix;Lcom/irurueta/algebra/Matrix;[D)V" line="62"><counter type="INSTRUCTION" missed="0" covered="24"/><counter type="LINE" missed="0" covered="8"/><counter type="COMPLEXITY" missed="0" covered="1"/><counter type="METHOD" missed="0" covered="1"/></method><method name="&lt;init&gt;" desc="(Lcom/irurueta/algebra/Matrix;Lcom/irurueta/algebra/Matrix;D)V" line="62"><counter type="INSTRUCTION" missed="0" covered="24"/><counter type="LINE" missed="0" covered="8"/><counter type="COMPLEXITY" missed="0" covered="1"/><counter type="METHOD" missed="0" covered="1"/></method><method name="&lt;init&gt;" desc="(Lcom/irurueta/numerical/fitting/LevenbergMarquardtMultiVariateFunctionEvaluator;)V" line="185"><counter type="INSTRUCTION" missed="0" covered="6"/><counter type="LINE" missed="0" covered="3"/><counter type="COMPLEXITY" missed="0" covered="1"/><counter type="METHOD" missed="0" covered="1"/></method><method name="&lt;init&gt;" desc="(Lcom/irurueta/numerical/fitting/LevenbergMarquardtMultiVariateFunctionEvaluator;Lcom/irurueta/algebra/Matrix;Lcom/irurueta/algebra/Matrix;[D)V" line="205"><counter type="INSTRUCTION" missed="0" covered="9"/><counter type="LINE" missed="0" covered="3"/><counter type="COMPLEXITY" missed="0" covered="1"/><counter type="METHOD" missed="0" covered="1"/></method><method name="&lt;init&gt;" desc="(Lcom/irurueta/numerical/fitting/LevenbergMarquardtMultiVariateFunctionEvaluator;Lcom/irurueta/algebra/Matrix;Lcom/irurueta/algebra/Matrix;D)V" line="226"><counter type="INSTRUCTION" missed="0" covered="9"/><counter type="LINE" missed="0" covered="3"/><counter type="COMPLEXITY" missed="0" covered="1"/><counter type="METHOD" missed="0" covered="1"/></method><method name="getNdone" desc="()I" line="235"><counter type="INSTRUCTION" missed="0" covered="3"/><counter type="LINE" missed="0" covered="1"/><counter type="COMPLEXITY" missed="0" covered="1"/><counter type="METHOD" missed="0" covered="1"/></method><method name="setNdone" desc="(I)V" line="244"><counter type="INSTRUCTION" missed="0" covered="11"/><counter type="BRANCH" missed="0" covered="2"/><counter type="LINE" missed="0" covered="4"/><counter type="COMPLEXITY" missed="0" covered="2"/><counter type="METHOD" missed="0" covered="1"/></method><method name="getItmax" desc="()I" line="255"><counter type="INSTRUCTION" missed="0" covered="3"/><counter type="LINE" missed="0" covered="1"/><counter type="COMPLEXITY" missed="0" covered="1"/><counter type="METHOD" missed="0" covered="1"/></method><method name="setItmax" desc="(I)V" line="264"><counter type="INSTRUCTION" missed="0" covered="10"/><counter type="BRANCH" missed="0" covered="2"/><counter type="LINE" missed="0" covered="4"/><counter type="COMPLEXITY" missed="0" covered="2"/><counter type="METHOD" missed="0" covered="1"/></method><method name="getTol" desc="()D" line="275"><counter type="INSTRUCTION" missed="0" covered="3"/><counter type="LINE" missed="0" covered="1"/><counter type="COMPLEXITY" missed="0" covered="1"/><counter type="METHOD" missed="0" covered="1"/></method><method name="setTol" desc="(D)V" line="284"><counter type="INSTRUCTION" missed="0" covered="12"/><counter type="BRANCH" missed="0" covered="2"/><counter type="LINE" missed="0" covered="4"/><counter type="COMPLEXITY" missed="0" covered="2"/><counter type="METHOD" missed="0" covered="1"/></method><method name="getFunctionEvaluator" desc="()Lcom/irurueta/numerical/fitting/LevenbergMarquardtMultiVariateFunctionEvaluator;" line="297"><counter type="INSTRUCTION" missed="0" covered="3"/><counter type="LINE" missed="0" covered="1"/><counter type="COMPLEXITY" missed="0" covered="1"/><counter type="METHOD" missed="0" covered="1"/></method><method name="setFunctionEvaluator" desc="(Lcom/irurueta/numerical/fitting/LevenbergMarquardtMultiVariateFunctionEvaluator;)V" line="309"><counter type="INSTRUCTION" missed="0" covered="4"/><counter type="LINE" missed="0" covered="2"/><counter type="COMPLEXITY" missed="0" covered="1"/><counter type="METHOD" missed="0" covered="1"/></method><method name="isReady" desc="()Z" line="320"><counter type="INSTRUCTION" missed="0" covered="34"/><counter type="BRANCH" missed="4" covered="8"/><counter type="LINE" missed="0" covered="4"/><counter type="COMPLEXITY" missed="4" covered="3"/><counter type="METHOD" missed="0" covered="1"/></method><method name="getAlpha" desc="()Lcom/irurueta/algebra/Matrix;" line="331"><counter type="INSTRUCTION" missed="0" covered="3"/><counter type="LINE" missed="0" covered="1"/><counter type="COMPLEXITY" missed="0" covered="1"/><counter type="METHOD" missed="0" covered="1"/></method><method name="getChisqDegreesOfFreedom" desc="()I" line="341"><counter type="INSTRUCTION" missed="0" covered="6"/><counter type="LINE" missed="0" covered="1"/><counter type="COMPLEXITY" missed="0" covered="1"/><counter type="METHOD" missed="0" covered="1"/></method><method name="getMse" desc="()D" line="350"><counter type="INSTRUCTION" missed="0" covered="3"/><counter type="LINE" missed="0" covered="1"/><counter type="COMPLEXITY" missed="0" covered="1"/><counter type="METHOD" missed="0" covered="1"/></method><method name="getP" desc="()D" line="366"><counter type="INSTRUCTION" missed="0" covered="7"/><counter type="LINE" missed="0" covered="1"/><counter type="COMPLEXITY" missed="0" covered="1"/><counter type="METHOD" missed="0" covered="1"/></method><method name="getQ" desc="()D" line="378"><counter type="INSTRUCTION" missed="0" covered="5"/><counter type="LINE" missed="0" covered="1"/><counter type="COMPLEXITY" missed="0" covered="1"/><counter type="METHOD" missed="0" covered="1"/></method><method name="isCovarianceAdjusted" desc="()Z" line="403"><counter type="INSTRUCTION" missed="0" covered="3"/><counter type="LINE" missed="0" covered="1"/><counter type="COMPLEXITY" missed="0" covered="1"/><counter type="METHOD" missed="0" covered="1"/></method><method name="setCovarianceAdjusted" desc="(Z)V" line="425"><counter type="INSTRUCTION" missed="0" covered="4"/><counter type="LINE" missed="0" covered="2"/><counter type="COMPLEXITY" missed="0" covered="1"/><counter type="METHOD" missed="0" covered="1"/></method><method name="fit" desc="()V" line="442"><counter type="INSTRUCTION" missed="15" covered="333"/><counter type="BRANCH" missed="2" covered="38"/><counter type="LINE" missed="4" covered="56"/><counter type="COMPLEXITY" missed="2" covered="19"/><counter type="METHOD" missed="0" covered="1"/></method><method name="hold" desc="(ID)V" line="569"><counter type="INSTRUCTION" missed="0" covered="11"/><counter type="LINE" missed="0" covered="3"/><counter type="COMPLEXITY" missed="0" covered="1"/><counter type="METHOD" missed="0" covered="1"/></method><method name="free" desc="(I)V" line="579"><counter type="INSTRUCTION" missed="0" covered="6"/><counter type="LINE" missed="0" covered="2"/><counter type="COMPLEXITY" missed="0" covered="1"/><counter type="METHOD" missed="0" covered="1"/></method><method name="adjustCovariance" desc="()V" line="606"><counter type="INSTRUCTION" missed="14" covered="112"/><counter type="BRANCH" missed="2" covered="4"/><counter type="LINE" missed="2" covered="18"/><counter type="COMPLEXITY" missed="2" covered="2"/><counter type="METHOD" missed="0" covered="1"/></method><method name="internalSetFunctionEvaluator" desc="(Lcom/irurueta/numerical/fitting/LevenbergMarquardtMultiVariateFunctionEvaluator;)V" line="649"><counter type="INSTRUCTION" missed="6" covered="43"/><counter type="BRANCH" missed="1" covered="1"/><counter type="LINE" missed="2" covered="10"/><counter type="COMPLEXITY" missed="1" covered="1"/><counter type="METHOD" missed="0" covered="1"/></method><method name="mrqcof" desc="([DLcom/irurueta/algebra/Matrix;[D)V" line="685"><counter type="INSTRUCTION" missed="0" covered="248"/><counter type="BRANCH" missed="0" covered="26"/><counter type="LINE" missed="0" covered="36"/><counter type="COMPLEXITY" missed="0" covered="14"/><counter type="METHOD" missed="0" covered="1"/></method><method name="covsrt" desc="(Lcom/irurueta/algebra/Matrix;)V" line="755"><counter type="INSTRUCTION" missed="0" covered="100"/><counter type="BRANCH" missed="0" covered="12"/><counter type="LINE" missed="0" covered="18"/><counter type="COMPLEXITY" missed="0" covered="7"/><counter type="METHOD" missed="0" covered="1"/></method><method name="swap" desc="([D[DII)V" line="790"><counter type="INSTRUCTION" missed="0" covered="17"/><counter type="LINE" missed="0" covered="5"/><counter type="COMPLEXITY" missed="0" covered="1"/><counter type="METHOD" missed="0" covered="1"/></method><counter type="INSTRUCTION" missed="35" covered="1077"/><counter type="BRANCH" missed="9" covered="95"/><counter type="LINE" missed="8" covered="199"/><counter type="COMPLEXITY" missed="9" covered="73"/><counter type="METHOD" missed="0" covered="30"/><counter type="CLASS" missed="0" covered="1"/></class><class name="com/irurueta/numerical/fitting/SimpleSingleDimensionLinearFitter" sourcefilename="SimpleSingleDimensionLinearFitter.java"><method name="&lt;init&gt;" desc="()V" line="49"><counter type="INSTRUCTION" missed="0" covered="3"/><counter type="LINE" missed="0" covered="2"/><counter type="COMPLEXITY" missed="0" covered="1"/><counter type="METHOD" missed="0" covered="1"/></method><method name="&lt;init&gt;" desc="([D[D[D)V" line="64"><counter type="INSTRUCTION" missed="0" covered="6"/><counter type="LINE" missed="0" covered="2"/><counter type="COMPLEXITY" missed="0" covered="1"/><counter type="METHOD" missed="0" covered="1"/></method><method name="&lt;init&gt;" desc="([D[DD)V" line="79"><counter type="INSTRUCTION" missed="0" covered="6"/><counter type="LINE" missed="0" covered="2"/><counter type="COMPLEXITY" missed="0" covered="1"/><counter type="METHOD" missed="0" covered="1"/></method><method name="&lt;init&gt;" desc="(Lcom/irurueta/numerical/fitting/LinearFitterSingleDimensionFunctionEvaluator;)V" line="91"><counter type="INSTRUCTION" missed="0" covered="6"/><counter type="LINE" missed="0" covered="3"/><counter type="COMPLEXITY" missed="0" covered="1"/><counter type="METHOD" missed="0" covered="1"/></method><method name="&lt;init&gt;" desc="(Lcom/irurueta/numerical/fitting/LinearFitterSingleDimensionFunctionEvaluator;[D[D[D)V" line="113"><counter type="INSTRUCTION" missed="0" covered="9"/><counter type="LINE" missed="0" covered="3"/><counter type="COMPLEXITY" missed="0" covered="1"/><counter type="METHOD" missed="0" covered="1"/></method><method name="&lt;init&gt;" desc="(Lcom/irurueta/numerical/fitting/LinearFitterSingleDimensionFunctionEvaluator;[D[DD)V" line="135"><counter type="INSTRUCTION" missed="0" covered="9"/><counter type="LINE" missed="0" covered="3"/><counter type="COMPLEXITY" missed="0" covered="1"/><counter type="METHOD" missed="0" covered="1"/></method><method name="setFunctionEvaluator" desc="(Lcom/irurueta/numerical/fitting/LinearFitterSingleDimensionFunctionEvaluator;)V" line="149"><counter type="INSTRUCTION" missed="0" covered="16"/><counter type="BRANCH" missed="1" covered="1"/><counter type="LINE" missed="0" covered="5"/><counter type="COMPLEXITY" missed="1" covered="1"/><counter type="METHOD" missed="0" covered="1"/></method><method name="fit" desc="()V" line="166"><counter type="INSTRUCTION" missed="10" covered="409"/><counter type="BRANCH" missed="1" covered="51"/><counter type="LINE" missed="2" covered="59"/><counter type="COMPLEXITY" missed="1" covered="26"/><counter type="METHOD" missed="0" covered="1"/></method><method name="hold" desc="(ID)V" line="274"><counter type="INSTRUCTION" missed="0" covered="11"/><counter type="LINE" missed="0" covered="3"/><counter type="COMPLEXITY" missed="0" covered="1"/><counter type="METHOD" missed="0" covered="1"/></method><method name="free" desc="(I)V" line="284"><counter type="INSTRUCTION" missed="0" covered="6"/><counter type="LINE" missed="0" covered="2"/><counter type="COMPLEXITY" missed="0" covered="1"/><counter type="METHOD" missed="0" covered="1"/></method><method name="swap" desc="([D[DII)V" line="295"><counter type="INSTRUCTION" missed="0" covered="17"/><counter type="LINE" missed="0" covered="5"/><counter type="COMPLEXITY" missed="0" covered="1"/><counter type="METHOD" missed="0" covered="1"/></method><counter type="INSTRUCTION" missed="10" covered="498"/><counter type="BRANCH" missed="2" covered="52"/><counter type="LINE" missed="2" covered="89"/><counter type="COMPLEXITY" missed="2" covered="36"/><counter type="METHOD" missed="0" covered="11"/><counter type="CLASS" missed="0" covered="1"/></class><class name="com/irurueta/numerical/fitting/StraightLineFitter" sourcefilename="StraightLineFitter.java"><method name="&lt;init&gt;" desc="()V" line="91"><counter type="INSTRUCTION" missed="0" covered="12"/><counter type="LINE" missed="0" covered="4"/><counter type="COMPLEXITY" missed="0" covered="1"/><counter type="METHOD" missed="0" covered="1"/></method><method name="&lt;init&gt;" desc="([D[D)V" line="104"><counter type="INSTRUCTION" missed="0" covered="7"/><counter type="LINE" missed="0" covered="3"/><counter type="COMPLEXITY" missed="0" covered="1"/><counter type="METHOD" missed="0" covered="1"/></method><method name="&lt;init&gt;" desc="([D[D[D)V" line="119"><counter type="INSTRUCTION" missed="0" covered="8"/><counter type="LINE" missed="0" covered="3"/><counter type="COMPLEXITY" missed="0" covered="1"/><counter type="METHOD" missed="0" covered="1"/></method><method name="getX" desc="()[D" line="130"><counter type="INSTRUCTION" missed="0" covered="3"/><counter type="LINE" missed="0" covered="1"/><counter type="COMPLEXITY" missed="0" covered="1"/><counter type="METHOD" missed="0" covered="1"/></method><method name="getY" desc="()[D" line="140"><counter type="INSTRUCTION" missed="0" covered="3"/><counter type="LINE" missed="0" covered="1"/><counter type="COMPLEXITY" missed="0" covered="1"/><counter type="METHOD" missed="0" covered="1"/></method><method name="getSig" desc="()[D" line="150"><counter type="INSTRUCTION" missed="0" covered="3"/><counter type="LINE" missed="0" covered="1"/><counter type="COMPLEXITY" missed="0" covered="1"/><counter type="METHOD" missed="0" covered="1"/></method><method name="setInputData" desc="([D[D)V" line="160"><counter type="INSTRUCTION" missed="0" covered="19"/><counter type="BRANCH" missed="0" covered="2"/><counter type="LINE" missed="0" covered="6"/><counter type="COMPLEXITY" missed="0" covered="2"/><counter type="METHOD" missed="0" covered="1"/></method><method name="setInputDataAndStandardDeviations" desc="([D[D[D)V" line="182"><counter type="INSTRUCTION" missed="0" covered="31"/><counter type="BRANCH" missed="0" covered="6"/><counter type="LINE" missed="0" covered="8"/><counter type="COMPLEXITY" missed="0" covered="4"/><counter type="METHOD" missed="0" covered="1"/></method><method name="isReady" desc="()Z" line="203"><counter type="INSTRUCTION" missed="0" covered="27"/><counter type="BRANCH" missed="3" covered="7"/><counter type="LINE" missed="0" covered="1"/><counter type="COMPLEXITY" missed="3" covered="3"/><counter type="METHOD" missed="0" covered="1"/></method><method name="getA" desc="()D" line="212"><counter type="INSTRUCTION" missed="0" covered="3"/><counter type="LINE" missed="0" covered="1"/><counter type="COMPLEXITY" missed="0" covered="1"/><counter type="METHOD" missed="0" covered="1"/></method><method name="getB" desc="()D" line="220"><counter type="INSTRUCTION" missed="0" covered="3"/><counter type="LINE" missed="0" covered="1"/><counter type="COMPLEXITY" missed="0" covered="1"/><counter type="METHOD" missed="0" covered="1"/></method><method name="getSigA" desc="()D" line="228"><counter type="INSTRUCTION" missed="0" covered="3"/><counter type="LINE" missed="0" covered="1"/><counter type="COMPLEXITY" missed="0" covered="1"/><counter type="METHOD" missed="0" covered="1"/></method><method name="getSigB" desc="()D" line="236"><counter type="INSTRUCTION" missed="0" covered="3"/><counter type="LINE" missed="0" covered="1"/><counter type="COMPLEXITY" missed="0" covered="1"/><counter type="METHOD" missed="0" covered="1"/></method><method name="getChi2" desc="()D" line="244"><counter type="INSTRUCTION" missed="0" covered="3"/><counter type="LINE" missed="0" covered="1"/><counter type="COMPLEXITY" missed="0" covered="1"/><counter type="METHOD" missed="0" covered="1"/></method><method name="getQ" desc="()D" line="253"><counter type="INSTRUCTION" missed="0" covered="3"/><counter type="LINE" missed="0" covered="1"/><counter type="COMPLEXITY" missed="0" covered="1"/><counter type="METHOD" missed="0" covered="1"/></method><method name="getSigdat" desc="()D" line="262"><counter type="INSTRUCTION" missed="0" covered="3"/><counter type="LINE" missed="0" covered="1"/><counter type="COMPLEXITY" missed="0" covered="1"/><counter type="METHOD" missed="0" covered="1"/></method><method name="fit" desc="()V" line="274"><counter type="INSTRUCTION" missed="0" covered="22"/><counter type="BRANCH" missed="0" covered="4"/><counter type="LINE" missed="0" covered="8"/><counter type="COMPLEXITY" missed="0" covered="3"/><counter type="METHOD" missed="0" covered="1"/></method><method name="fitWithSig" desc="()V" line="295"><counter type="INSTRUCTION" missed="6" covered="191"/><counter type="BRANCH" missed="1" covered="7"/><counter type="LINE" missed="2" covered="27"/><counter type="COMPLEXITY" missed="1" covered="4"/><counter type="METHOD" missed="0" covered="1"/></method><method name="fitWithoutSig" desc="()V" line="341"><counter type="INSTRUCTION" missed="0" covered="165"/><counter type="BRANCH" missed="1" covered="7"/><counter type="LINE" missed="0" covered="25"/><counter type="COMPLEXITY" missed="1" covered="4"/><counter type="METHOD" missed="0" covered="1"/></method><counter type="INSTRUCTION" missed="6" covered="512"/><counter type="BRANCH" missed="5" covered="33"/><counter type="LINE" missed="2" covered="95"/><counter type="COMPLEXITY" missed="5" covered="33"/><counter type="METHOD" missed="0" covered="19"/><counter type="CLASS" missed="0" covered="1"/></class><class name="com/irurueta/numerical/fitting/MultiVariateFitter" sourcefilename="MultiVariateFitter.java"><method name="&lt;init&gt;" desc="()V" line="72"><counter type="INSTRUCTION" missed="0" covered="3"/><counter type="LINE" missed="0" covered="1"/><counter type="COMPLEXITY" missed="0" covered="1"/><counter type="METHOD" missed="0" covered="1"/></method><method name="&lt;init&gt;" desc="(Lcom/irurueta/algebra/Matrix;Lcom/irurueta/algebra/Matrix;[D)V" line="84"><counter type="INSTRUCTION" missed="0" covered="8"/><counter type="LINE" missed="0" covered="3"/><counter type="COMPLEXITY" missed="0" covered="1"/><counter type="METHOD" missed="0" covered="1"/></method><method name="&lt;init&gt;" desc="(Lcom/irurueta/algebra/Matrix;Lcom/irurueta/algebra/Matrix;D)V" line="99"><counter type="INSTRUCTION" missed="0" covered="8"/><counter type="LINE" missed="0" covered="3"/><counter type="COMPLEXITY" missed="0" covered="1"/><counter type="METHOD" missed="0" covered="1"/></method><method name="getX" desc="()Lcom/irurueta/algebra/Matrix;" line="111"><counter type="INSTRUCTION" missed="0" covered="3"/><counter type="LINE" missed="0" covered="1"/><counter type="COMPLEXITY" missed="0" covered="1"/><counter type="METHOD" missed="0" covered="1"/></method><method name="getY" desc="()Lcom/irurueta/algebra/Matrix;" line="120"><counter type="INSTRUCTION" missed="0" covered="3"/><counter type="LINE" missed="0" covered="1"/><counter type="COMPLEXITY" missed="0" covered="1"/><counter type="METHOD" missed="0" covered="1"/></method><method name="getSig" desc="()[D" line="128"><counter type="INSTRUCTION" missed="0" covered="3"/><counter type="LINE" missed="0" covered="1"/><counter type="COMPLEXITY" missed="0" covered="1"/><counter type="METHOD" missed="0" covered="1"/></method><method name="setInputData" desc="(Lcom/irurueta/algebra/Matrix;Lcom/irurueta/algebra/Matrix;[D)V" line="145"><counter type="INSTRUCTION" missed="0" covered="28"/><counter type="BRANCH" missed="0" covered="4"/><counter type="LINE" missed="0" covered="7"/><counter type="COMPLEXITY" missed="0" covered="3"/><counter type="METHOD" missed="0" covered="1"/></method><method name="setInputData" desc="(Lcom/irurueta/algebra/Matrix;Lcom/irurueta/algebra/Matrix;D)V" line="171"><counter type="INSTRUCTION" missed="0" covered="29"/><counter type="BRANCH" missed="0" covered="2"/><counter type="LINE" missed="0" covered="8"/><counter type="COMPLEXITY" missed="0" covered="2"/><counter type="METHOD" missed="0" covered="1"/></method><method name="getA" desc="()[D" line="188"><counter type="INSTRUCTION" missed="0" covered="3"/><counter type="LINE" missed="0" covered="1"/><counter type="COMPLEXITY" missed="0" covered="1"/><counter type="METHOD" missed="0" covered="1"/></method><method name="getCovar" desc="()Lcom/irurueta/algebra/Matrix;" line="197"><counter type="INSTRUCTION" missed="0" covered="3"/><counter type="LINE" missed="0" covered="1"/><counter type="COMPLEXITY" missed="0" covered="1"/><counter type="METHOD" missed="0" covered="1"/></method><method name="getChisq" desc="()D" line="205"><counter type="INSTRUCTION" missed="0" covered="3"/><counter type="LINE" missed="0" covered="1"/><counter type="COMPLEXITY" missed="0" covered="1"/><counter type="METHOD" missed="0" covered="1"/></method><counter type="INSTRUCTION" missed="0" covered="94"/><counter type="BRANCH" missed="0" covered="6"/><counter type="LINE" missed="0" covered="28"/><counter type="COMPLEXITY" missed="0" covered="14"/><counter type="METHOD" missed="0" covered="11"/><counter type="CLASS" missed="0" covered="1"/></class><class name="com/irurueta/numerical/fitting/LevenbergMarquardtSingleDimensionFitter" sourcefilename="LevenbergMarquardtSingleDimensionFitter.java"><method name="&lt;init&gt;" desc="()V" line="63"><counter type="INSTRUCTION" missed="0" covered="21"/><counter type="LINE" missed="0" covered="8"/><counter type="COMPLEXITY" missed="0" covered="1"/><counter type="METHOD" missed="0" covered="1"/></method><method name="&lt;init&gt;" desc="([D[D[D)V" line="63"><counter type="INSTRUCTION" missed="0" covered="24"/><counter type="LINE" missed="0" covered="8"/><counter type="COMPLEXITY" missed="0" covered="1"/><counter type="METHOD" missed="0" covered="1"/></method><method name="&lt;init&gt;" desc="([D[DD)V" line="63"><counter type="INSTRUCTION" missed="0" covered="24"/><counter type="LINE" missed="0" covered="8"/><counter type="COMPLEXITY" missed="0" covered="1"/><counter type="METHOD" missed="0" covered="1"/></method><method name="&lt;init&gt;" desc="(Lcom/irurueta/numerical/fitting/LevenbergMarquardtSingleDimensionFunctionEvaluator;)V" line="170"><counter type="INSTRUCTION" missed="0" covered="6"/><counter type="LINE" missed="0" covered="3"/><counter type="COMPLEXITY" missed="0" covered="1"/><counter type="METHOD" missed="0" covered="1"/></method><method name="&lt;init&gt;" desc="(Lcom/irurueta/numerical/fitting/LevenbergMarquardtSingleDimensionFunctionEvaluator;[D[D[D)V" line="190"><counter type="INSTRUCTION" missed="0" covered="9"/><counter type="LINE" missed="0" covered="3"/><counter type="COMPLEXITY" missed="0" covered="1"/><counter type="METHOD" missed="0" covered="1"/></method><method name="&lt;init&gt;" desc="(Lcom/irurueta/numerical/fitting/LevenbergMarquardtSingleDimensionFunctionEvaluator;[D[DD)V" line="210"><counter type="INSTRUCTION" missed="0" covered="9"/><counter type="LINE" missed="0" covered="3"/><counter type="COMPLEXITY" missed="0" covered="1"/><counter type="METHOD" missed="0" covered="1"/></method><method name="getNdone" desc="()I" line="219"><counter type="INSTRUCTION" missed="0" covered="3"/><counter type="LINE" missed="0" covered="1"/><counter type="COMPLEXITY" missed="0" covered="1"/><counter type="METHOD" missed="0" covered="1"/></method><method name="setNdone" desc="(I)V" line="228"><counter type="INSTRUCTION" missed="0" covered="11"/><counter type="BRANCH" missed="0" covered="2"/><counter type="LINE" missed="0" covered="4"/><counter type="COMPLEXITY" missed="0" covered="2"/><counter type="METHOD" missed="0" covered="1"/></method><method name="getItmax" desc="()I" line="239"><counter type="INSTRUCTION" missed="0" covered="3"/><counter type="LINE" missed="0" covered="1"/><counter type="COMPLEXITY" missed="0" covered="1"/><counter type="METHOD" missed="0" covered="1"/></method><method name="setItmax" desc="(I)V" line="248"><counter type="INSTRUCTION" missed="0" covered="10"/><counter type="BRANCH" missed="0" covered="2"/><counter type="LINE" missed="0" covered="4"/><counter type="COMPLEXITY" missed="0" covered="2"/><counter type="METHOD" missed="0" covered="1"/></method><method name="getTol" desc="()D" line="259"><counter type="INSTRUCTION" missed="0" covered="3"/><counter type="LINE" missed="0" covered="1"/><counter type="COMPLEXITY" missed="0" covered="1"/><counter type="METHOD" missed="0" covered="1"/></method><method name="setTol" desc="(D)V" line="268"><counter type="INSTRUCTION" missed="0" covered="12"/><counter type="BRANCH" missed="0" covered="2"/><counter type="LINE" missed="0" covered="4"/><counter type="COMPLEXITY" missed="0" covered="2"/><counter type="METHOD" missed="0" covered="1"/></method><method name="getFunctionEvaluator" desc="()Lcom/irurueta/numerical/fitting/LevenbergMarquardtSingleDimensionFunctionEvaluator;" line="281"><counter type="INSTRUCTION" missed="0" covered="3"/><counter type="LINE" missed="0" covered="1"/><counter type="COMPLEXITY" missed="0" covered="1"/><counter type="METHOD" missed="0" covered="1"/></method><method name="setFunctionEvaluator" desc="(Lcom/irurueta/numerical/fitting/LevenbergMarquardtSingleDimensionFunctionEvaluator;)V" line="293"><counter type="INSTRUCTION" missed="0" covered="4"/><counter type="LINE" missed="0" covered="2"/><counter type="COMPLEXITY" missed="0" covered="1"/><counter type="METHOD" missed="0" covered="1"/></method><method name="isReady" desc="()Z" line="304"><counter type="INSTRUCTION" missed="0" covered="20"/><counter type="BRANCH" missed="2" covered="6"/><counter type="LINE" missed="0" covered="1"/><counter type="COMPLEXITY" missed="2" covered="3"/><counter type="METHOD" missed="0" covered="1"/></method><method name="getAlpha" desc="()Lcom/irurueta/algebra/Matrix;" line="319"><counter type="INSTRUCTION" missed="0" covered="3"/><counter type="LINE" missed="0" covered="1"/><counter type="COMPLEXITY" missed="0" covered="1"/><counter type="METHOD" missed="0" covered="1"/></method><method name="getChisqDegreesOfFreedom" desc="()I" line="329"><counter type="INSTRUCTION" missed="0" covered="6"/><counter type="LINE" missed="0" covered="1"/><counter type="COMPLEXITY" missed="0" covered="1"/><counter type="METHOD" missed="0" covered="1"/></method><method name="getMse" desc="()D" line="338"><counter type="INSTRUCTION" missed="0" covered="3"/><counter type="LINE" missed="0" covered="1"/><counter type="COMPLEXITY" missed="0" covered="1"/><counter type="METHOD" missed="0" covered="1"/></method><method name="getP" desc="()D" line="354"><counter type="INSTRUCTION" missed="0" covered="7"/><counter type="LINE" missed="0" covered="1"/><counter type="COMPLEXITY" missed="0" covered="1"/><counter type="METHOD" missed="0" covered="1"/></method><method name="getQ" desc="()D" line="366"><counter type="INSTRUCTION" missed="0" covered="5"/><counter type="LINE" missed="0" covered="1"/><counter type="COMPLEXITY" missed="0" covered="1"/><counter type="METHOD" missed="0" covered="1"/></method><method name="isCovarianceAdjusted" desc="()Z" line="392"><counter type="INSTRUCTION" missed="0" covered="3"/><counter type="LINE" missed="0" covered="1"/><counter type="COMPLEXITY" missed="0" covered="1"/><counter type="METHOD" missed="0" covered="1"/></method><method name="setCovarianceAdjusted" desc="(Z)V" line="414"><counter type="INSTRUCTION" missed="0" covered="4"/><counter type="LINE" missed="0" covered="2"/><counter type="COMPLEXITY" missed="0" covered="1"/><counter type="METHOD" missed="0" covered="1"/></method><method name="fit" desc="()V" line="431"><counter type="INSTRUCTION" missed="15" covered="333"/><counter type="BRANCH" missed="2" covered="38"/><counter type="LINE" missed="4" covered="56"/><counter type="COMPLEXITY" missed="2" covered="19"/><counter type="METHOD" missed="0" covered="1"/></method><method name="hold" desc="(ID)V" line="558"><counter type="INSTRUCTION" missed="0" covered="11"/><counter type="LINE" missed="0" covered="3"/><counter type="COMPLEXITY" missed="0" covered="1"/><counter type="METHOD" missed="0" covered="1"/></method><method name="free" desc="(I)V" line="568"><counter type="INSTRUCTION" missed="0" covered="6"/><counter type="LINE" missed="0" covered="2"/><counter type="COMPLEXITY" missed="0" covered="1"/><counter type="METHOD" missed="0" covered="1"/></method><method name="adjustCovariance" desc="()V" line="595"><counter type="INSTRUCTION" missed="0" covered="102"/><counter type="BRANCH" missed="0" covered="2"/><counter type="LINE" missed="0" covered="16"/><counter type="COMPLEXITY" missed="0" covered="2"/><counter type="METHOD" missed="0" covered="1"/></method><method name="internalSetFunctionEvaluator" desc="(Lcom/irurueta/numerical/fitting/LevenbergMarquardtSingleDimensionFunctionEvaluator;)V" line="628"><counter type="INSTRUCTION" missed="6" covered="43"/><counter type="BRANCH" missed="1" covered="1"/><counter type="LINE" missed="2" covered="10"/><counter type="COMPLEXITY" missed="1" covered="1"/><counter type="METHOD" missed="0" covered="1"/></method><method name="mrqcof" desc="([DLcom/irurueta/algebra/Matrix;[D)V" line="664"><counter type="INSTRUCTION" missed="0" covered="191"/><counter type="BRANCH" missed="0" covered="18"/><counter type="LINE" missed="0" covered="27"/><counter type="COMPLEXITY" missed="0" covered="10"/><counter type="METHOD" missed="0" covered="1"/></method><method name="covsrt" desc="(Lcom/irurueta/algebra/Matrix;)V" line="722"><counter type="INSTRUCTION" missed="0" covered="100"/><counter type="BRANCH" missed="0" covered="12"/><counter type="LINE" missed="0" covered="18"/><counter type="COMPLEXITY" missed="0" covered="7"/><counter type="METHOD" missed="0" covered="1"/></method><method name="swap" desc="([D[DII)V" line="758"><counter type="INSTRUCTION" missed="0" covered="17"/><counter type="LINE" missed="0" covered="5"/><counter type="COMPLEXITY" missed="0" covered="1"/><counter type="METHOD" missed="0" covered="1"/></method><counter type="INSTRUCTION" missed="21" covered="996"/><counter type="BRANCH" missed="5" covered="83"/><counter type="LINE" missed="6" covered="185"/><counter type="COMPLEXITY" missed="5" covered="69"/><counter type="METHOD" missed="0" covered="30"/><counter type="CLASS" missed="0" covered="1"/></class><class name="com/irurueta/numerical/fitting/LevenbergMarquardtMultiDimensionFitter" sourcefilename="LevenbergMarquardtMultiDimensionFitter.java"><method name="&lt;init&gt;" desc="()V" line="63"><counter type="INSTRUCTION" missed="0" covered="21"/><counter type="LINE" missed="0" covered="8"/><counter type="COMPLEXITY" missed="0" covered="1"/><counter type="METHOD" missed="0" covered="1"/></method><method name="&lt;init&gt;" desc="(Lcom/irurueta/algebra/Matrix;[D[D)V" line="63"><counter type="INSTRUCTION" missed="0" covered="24"/><counter type="LINE" missed="0" covered="8"/><counter type="COMPLEXITY" missed="0" covered="1"/><counter type="METHOD" missed="0" covered="1"/></method><method name="&lt;init&gt;" desc="(Lcom/irurueta/algebra/Matrix;[DD)V" line="63"><counter type="INSTRUCTION" missed="0" covered="24"/><counter type="LINE" missed="0" covered="8"/><counter type="COMPLEXITY" missed="0" covered="1"/><counter type="METHOD" missed="0" covered="1"/></method><method name="&lt;init&gt;" desc="(Lcom/irurueta/numerical/fitting/LevenbergMarquardtMultiDimensionFunctionEvaluator;)V" line="176"><counter type="INSTRUCTION" missed="0" covered="6"/><counter type="LINE" missed="0" covered="3"/><counter type="COMPLEXITY" missed="0" covered="1"/><counter type="METHOD" missed="0" covered="1"/></method><method name="&lt;init&gt;" desc="(Lcom/irurueta/numerical/fitting/LevenbergMarquardtMultiDimensionFunctionEvaluator;Lcom/irurueta/algebra/Matrix;[D[D)V" line="196"><counter type="INSTRUCTION" missed="0" covered="9"/><counter type="LINE" missed="0" covered="3"/><counter type="COMPLEXITY" missed="0" covered="1"/><counter type="METHOD" missed="0" covered="1"/></method><method name="&lt;init&gt;" desc="(Lcom/irurueta/numerical/fitting/LevenbergMarquardtMultiDimensionFunctionEvaluator;Lcom/irurueta/algebra/Matrix;[DD)V" line="216"><counter type="INSTRUCTION" missed="0" covered="9"/><counter type="LINE" missed="0" covered="3"/><counter type="COMPLEXITY" missed="0" covered="1"/><counter type="METHOD" missed="0" covered="1"/></method><method name="getNdone" desc="()I" line="225"><counter type="INSTRUCTION" missed="0" covered="3"/><counter type="LINE" missed="0" covered="1"/><counter type="COMPLEXITY" missed="0" covered="1"/><counter type="METHOD" missed="0" covered="1"/></method><method name="setNdone" desc="(I)V" line="234"><counter type="INSTRUCTION" missed="0" covered="11"/><counter type="BRANCH" missed="0" covered="2"/><counter type="LINE" missed="0" covered="4"/><counter type="COMPLEXITY" missed="0" covered="2"/><counter type="METHOD" missed="0" covered="1"/></method><method name="getItmax" desc="()I" line="245"><counter type="INSTRUCTION" missed="0" covered="3"/><counter type="LINE" missed="0" covered="1"/><counter type="COMPLEXITY" missed="0" covered="1"/><counter type="METHOD" missed="0" covered="1"/></method><method name="setItmax" desc="(I)V" line="254"><counter type="INSTRUCTION" missed="0" covered="10"/><counter type="BRANCH" missed="0" covered="2"/><counter type="LINE" missed="0" covered="4"/><counter type="COMPLEXITY" missed="0" covered="2"/><counter type="METHOD" missed="0" covered="1"/></method><method name="getTol" de
[...]
cb="0"/><line nr="569" mi="0" ci="5" mb="0" cb="0"/><line nr="583" mi="0" ci="5" mb="0" cb="0"/><line nr="597" mi="0" ci="5" mb="0" cb="0"/><line nr="613" mi="0" ci="6" mb="0" cb="0"/><line nr="623" mi="0" ci="5" mb="0" cb="5"/><line nr="625" mi="0" ci="4" mb="0" cb="0"/><line nr="627" mi="0" ci="4" mb="0" cb="0"/><line nr="629" mi="0" ci="4" mb="0" cb="0"/><line nr="631" mi="0" ci="4" mb="0" cb="0"/><line nr="634" mi="0" ci="4" mb="0" cb="0"/><line nr="647" mi="0" ci="5" mb="0" cb="5"/><line nr="649" mi="0" ci="5" mb="0" cb="0"/><line nr="651" mi="0" ci="5" mb="0" cb="0"/><line nr="653" mi="0" ci="5" mb="0" cb="0"/><line nr="655" mi="0" ci="5" mb="0" cb="0"/><line nr="658" mi="0" ci="5" mb="0" cb="0"/><line nr="672" mi="0" ci="5" mb="0" cb="5"/><line nr="674" mi="0" ci="5" mb="0" cb="0"/><line nr="676" mi="0" ci="5" mb="0" cb="0"/><line nr="678" mi="0" ci="5" mb="0" cb="0"/><line nr="680" mi="0" ci="5" mb="0" cb="0"/><line nr="683" mi="0" ci="5" mb="0" cb="0"/><line nr="697" mi="0" ci="5" mb="0" cb="5"/><line nr="699" mi="0" ci="5" mb="0" cb="0"/><line nr="701" mi="0" ci="5" mb="0" cb="0"/><line nr="703" mi="0" ci="5" mb="0" cb="0"/><line nr="705" mi="0" ci="5" mb="0" cb="0"/><line nr="708" mi="0" ci="5" mb="0" cb="0"/><line nr="724" mi="0" ci="5" mb="0" cb="5"/><line nr="726" mi="0" ci="6" mb="0" cb="0"/><line nr="728" mi="0" ci="6" mb="0" cb="0"/><line nr="730" mi="0" ci="6" mb="0" cb="0"/><line nr="732" mi="0" ci="6" mb="0" cb="0"/><line nr="736" mi="0" ci="6" mb="0" cb="0"/><line nr="753" mi="0" ci="5" mb="0" cb="5"/><line nr="755" mi="0" ci="6" mb="0" cb="0"/><line nr="757" mi="0" ci="6" mb="0" cb="0"/><line nr="759" mi="0" ci="6" mb="0" cb="0"/><line nr="761" mi="0" ci="6" mb="0" cb="0"/><line nr="764" mi="0" ci="6" mb="0" cb="0"/><line nr="781" mi="0" ci="5" mb="0" cb="5"/><line nr="783" mi="0" ci="6" mb="0" cb="0"/><line nr="786" mi="0" ci="6" mb="0" cb="0"/><line nr="789" mi="0" ci="6" mb="0" cb="0"/><line nr="791" mi="0" ci="6" mb="0" cb="0"/><line nr="795" mi="0" ci="6" mb="0" cb="0"/><line nr="815" mi="0" ci="5" mb="0" cb="5"/><line nr="817" mi="0" ci="7" mb="0" cb="0"/><line nr="820" mi="0" ci="7" mb="0" cb="0"/><line nr="823" mi="0" ci="7" mb="0" cb="0"/><line nr="826" mi="0" ci="7" mb="0" cb="0"/><line nr="830" mi="0" ci="7" mb="0" cb="0"/><line nr="844" mi="0" ci="3" mb="0" cb="2"/><line nr="845" mi="0" ci="5" mb="0" cb="0"/><line nr="847" mi="0" ci="5" mb="0" cb="0"/><line nr="859" mi="0" ci="6" mb="1" cb="4"/><line nr="861" mi="0" ci="6" mb="0" cb="0"/><line nr="864" mi="0" ci="6" mb="0" cb="0"/><line nr="867" mi="0" ci="6" mb="0" cb="0"/><line nr="870" mi="0" ci="6" mb="0" cb="0"/><line nr="873" mi="2" ci="0" mb="0" cb="0"/><line nr="886" mi="0" ci="3" mb="0" cb="0"/><line nr="887" mi="0" ci="3" mb="0" cb="0"/><line nr="888" mi="0" ci="4" mb="0" cb="0"/><line nr="889" mi="0" ci="5" mb="0" cb="0"/><line nr="901" mi="0" ci="3" mb="0" cb="0"/><line nr="902" mi="0" ci="3" mb="0" cb="0"/><line nr="903" mi="0" ci="3" mb="0" cb="0"/><line nr="904" mi="0" ci="5" mb="0" cb="0"/><line nr="905" mi="0" ci="5" mb="0" cb="0"/><line nr="917" mi="0" ci="3" mb="0" cb="0"/><line nr="918" mi="0" ci="3" mb="0" cb="0"/><line nr="919" mi="0" ci="3" mb="0" cb="0"/><line nr="920" mi="0" ci="3" mb="0" cb="0"/><line nr="921" mi="0" ci="5" mb="0" cb="0"/><line nr="922" mi="0" ci="2" mb="0" cb="0"/><line nr="923" mi="0" ci="5" mb="0" cb="0"/><line nr="935" mi="0" ci="3" mb="0" cb="0"/><line nr="936" mi="0" ci="3" mb="0" cb="0"/><line nr="937" mi="0" ci="3" mb="0" cb="0"/><line nr="938" mi="0" ci="3" mb="0" cb="0"/><line nr="939" mi="0" ci="3" mb="0" cb="0"/><line nr="940" mi="0" ci="7" mb="0" cb="0"/><line nr="942" mi="0" ci="5" mb="0" cb="0"/><line nr="956" mi="0" ci="4" mb="0" cb="2"/><line nr="957" mi="0" ci="6" mb="0" cb="0"/><line nr="960" mi="0" ci="5" mb="0" cb="0"/><line nr="974" mi="0" ci="3" mb="0" cb="0"/><line nr="975" mi="0" ci="3" mb="0" cb="0"/><line nr="976" mi="0" ci="4" mb="0" cb="0"/><line nr="978" mi="0" ci="4" mb="0" cb="0"/><line nr="982" mi="0" ci="5" mb="0" cb="2"/><line nr="983" mi="0" ci="2" mb="0" cb="0"/><line nr="984" mi="0" ci="4" mb="0" cb="0"/><line nr="985" mi="0" ci="8" mb="0" cb="0"/><line nr="987" mi="0" ci="3" mb="0" cb="0"/><line nr="988" mi="0" ci="2" mb="0" cb="0"/><line nr="989" mi="0" ci="6" mb="0" cb="0"/><line nr="992" mi="0" ci="10" mb="0" cb="0"/><line nr="993" mi="0" ci="9" mb="0" cb="0"/><line nr="995" mi="0" ci="5" mb="0" cb="0"/><line nr="1006" mi="0" ci="3" mb="0" cb="2"/><line nr="1007" mi="0" ci="4" mb="0" cb="2"/><line nr="1008" mi="0" ci="4" mb="0" cb="0"/><line nr="1010" mi="0" ci="3" mb="0" cb="0"/><line nr="1011" mi="0" ci="1" mb="0" cb="0"/><counter type="INSTRUCTION" missed="27" covered="771"/><counter type="BRANCH" missed="10" covered="83"/><counter type="LINE" missed="7" covered="190"/><counter type="COMPLEXITY" missed="10" covered="103"/><counter type="METHOD" missed="0" covered="53"/><counter type="CLASS" missed="0" covered="1"/></sourcefile><sourcefile name="IntegralIntervalPolynomialEvaluation.java"><line nr="53" mi="0" ci="2" mb="0" cb="0"/><line nr="54" mi="0" ci="3" mb="0" cb="0"/><line nr="55" mi="0" ci="1" mb="0" cb="0"/><line nr="68" mi="0" ci="3" mb="0" cb="0"/><line nr="69" mi="0" ci="3" mb="0" cb="0"/><line nr="70" mi="0" ci="3" mb="0" cb="0"/><line nr="71" mi="0" ci="3" mb="0" cb="0"/><line nr="72" mi="0" ci="1" mb="0" cb="0"/><line nr="83" mi="0" ci="6" mb="0" cb="0"/><line nr="84" mi="0" ci="1" mb="0" cb="0"/><line nr="91" mi="0" ci="3" mb="0" cb="0"/><line nr="99" mi="0" ci="3" mb="0" cb="0"/><line nr="100" mi="0" ci="1" mb="0" cb="0"/><line nr="107" mi="0" ci="3" mb="0" cb="0"/><line nr="115" mi="0" ci="3" mb="0" cb="0"/><line nr="116" mi="0" ci="1" mb="0" cb="0"/><line nr="123" mi="0" ci="3" mb="0" cb="0"/><line nr="132" mi="0" ci="3" mb="1" cb="1"/><line nr="133" mi="5" ci="0" mb="0" cb="0"/><line nr="137" mi="0" ci="3" mb="0" cb="0"/><line nr="138" mi="0" ci="1" mb="0" cb="0"/><line nr="145" mi="0" ci="3" mb="0" cb="0"/><line nr="153" mi="0" ci="3" mb="0" cb="0"/><line nr="154" mi="0" ci="1" mb="0" cb="0"/><line nr="162" mi="0" ci="2" mb="0" cb="0"/><counter type="INSTRUCTION" missed="5" covered="59"/><counter type="BRANCH" missed="1" covered="1"/><counter type="LINE" missed="1" covered="24"/><counter type="COMPLEXITY" missed="1" covered="12"/><counter type="METHOD" missed="0" covered="12"/><counter type="CLASS" missed="0" covered="1"/></sourcefile><sourcefile name="PolynomialEstimator.java"><line nr="41" mi="0" ci="3" mb="0" cb="0"/><line nr="69" mi="0" ci="2" mb="0" cb="0"/><line nr="70" mi="0" ci="3" mb="0" cb="0"/><line nr="71" mi="0" ci="1" mb="0" cb="0"/><line nr="78" mi="0" ci="2" mb="0" cb="0"/><line nr="79" mi="0" ci="3" mb="0" cb="0"/><line nr="80" mi="0" ci="1" mb="0" cb="0"/><line nr="87" mi="0" ci="2" mb="0" cb="0"/><line nr="88" mi="0" ci="3" mb="0" cb="0"/><line nr="89" mi="0" ci="1" mb="0" cb="0"/><line nr="96" mi="0" ci="2" mb="0" cb="0"/><line nr="97" mi="0" ci="3" mb="0" cb="0"/><line nr="98" mi="0" ci="1" mb="0" cb="0"/><line nr="108" mi="0" ci="3" mb="0" cb="0"/><line nr="109" mi="0" ci="3" mb="0" cb="0"/><line nr="110" mi="0" ci="1" mb="0" cb="0"/><line nr="120" mi="0" ci="3" mb="0" cb="0"/><line nr="121" mi="0" ci="3" mb="0" cb="0"/><line nr="122" mi="0" ci="1" mb="0" cb="0"/><line nr="131" mi="0" ci="3" mb="0" cb="0"/><line nr="132" mi="0" ci="3" mb="0" cb="0"/><line nr="133" mi="0" ci="1" mb="0" cb="0"/><line nr="145" mi="0" ci="4" mb="0" cb="0"/><line nr="146" mi="0" ci="3" mb="0" cb="0"/><line nr="147" mi="0" ci="1" mb="0" cb="0"/><line nr="154" mi="0" ci="3" mb="0" cb="0"/><line nr="164" mi="0" ci="3" mb="0" cb="2"/><line nr="165" mi="0" ci="4" mb="0" cb="0"/><line nr="168" mi="0" ci="3" mb="0" cb="0"/><line nr="169" mi="0" ci="1" mb="0" cb="0"/><line nr="177" mi="0" ci="3" mb="0" cb="0"/><line nr="188" mi="0" ci="3" mb="0" cb="2"/><line nr="189" mi="0" ci="4" mb="0" cb="0"/><line nr="192" mi="0" ci="3" mb="0" cb="0"/><line nr="193" mi="0" ci="1" mb="0" cb="0"/><line nr="207" mi="0" ci="3" mb="0" cb="0"/><line nr="208" mi="0" ci="3" mb="0" cb="0"/><line nr="209" mi="0" ci="1" mb="0" cb="0"/><line nr="218" mi="0" ci="5" mb="0" cb="0"/><line nr="219" mi="0" ci="8" mb="0" cb="4"/><line nr="220" mi="0" ci="2" mb="0" cb="0"/><line nr="224" mi="0" ci="2" mb="0" cb="0"/><line nr="225" mi="0" ci="11" mb="0" cb="2"/><line nr="226" mi="0" ci="5" mb="0" cb="2"/><line nr="227" mi="0" ci="4" mb="0" cb="2"/><line nr="228" mi="0" ci="3" mb="0" cb="2"/><line nr="229" mi="0" ci="1" mb="0" cb="0"/><line nr="231" mi="0" ci="1" mb="0" cb="0"/><line nr="233" mi="0" ci="12" mb="1" cb="3"/><line nr="244" mi="0" ci="3" mb="0" cb="2"/><line nr="245" mi="0" ci="4" mb="0" cb="0"/><line nr="248" mi="0" ci="4" mb="0" cb="0"/><line nr="257" mi="0" ci="4" mb="0" cb="0"/><line nr="266" mi="0" ci="3" mb="0" cb="0"/><line nr="275" mi="0" ci="3" mb="0" cb="0"/><line nr="286" mi="0" ci="3" mb="0" cb="2"/><line nr="287" mi="0" ci="4" mb="0" cb="0"/><line nr="290" mi="0" ci="3" mb="0" cb="0"/><line nr="291" mi="0" ci="1" mb="0" cb="0"/><line nr="315" mi="0" ci="3" mb="0" cb="0"/><line nr="326" mi="0" ci="4" mb="0" cb="0"/><line nr="337" mi="0" ci="4" mb="0" cb="0"/><line nr="348" mi="0" ci="4" mb="0" cb="0"/><line nr="361" mi="0" ci="5" mb="0" cb="0"/><line nr="374" mi="0" ci="5" mb="0" cb="0"/><line nr="387" mi="0" ci="5" mb="0" cb="0"/><line nr="402" mi="0" ci="6" mb="0" cb="0"/><line nr="412" mi="0" ci="5" mb="0" cb="2"/><line nr="414" mi="0" ci="4" mb="0" cb="0"/><line nr="417" mi="0" ci="4" mb="0" cb="0"/><line nr="431" mi="0" ci="5" mb="0" cb="2"/><line nr="433" mi="0" ci="5" mb="0" cb="0"/><line nr="436" mi="0" ci="5" mb="0" cb="0"/><line nr="450" mi="0" ci="5" mb="0" cb="2"/><line nr="452" mi="0" ci="4" mb="0" cb="0"/><line nr="453" mi="0" ci="3" mb="0" cb="0"/><line nr="454" mi="0" ci="6" mb="0" cb="0"/><line nr="457" mi="0" ci="5" mb="0" cb="0"/><line nr="471" mi="0" ci="5" mb="0" cb="2"/><line nr="473" mi="0" ci="5" mb="0" cb="0"/><line nr="476" mi="0" ci="5" mb="0" cb="0"/><line nr="492" mi="0" ci="5" mb="0" cb="2"/><line nr="494" mi="0" ci="4" mb="0" cb="0"/><line nr="495" mi="0" ci="3" mb="0" cb="0"/><line nr="496" mi="0" ci="7" mb="0" cb="0"/><line nr="500" mi="0" ci="6" mb="0" cb="0"/><line nr="515" mi="0" ci="5" mb="0" cb="2"/><line nr="517" mi="0" ci="6" mb="0" cb="0"/><line nr="520" mi="0" ci="6" mb="0" cb="0"/><line nr="536" mi="0" ci="5" mb="0" cb="2"/><line nr="538" mi="0" ci="4" mb="0" cb="0"/><line nr="539" mi="0" ci="3" mb="0" cb="0"/><line nr="540" mi="0" ci="7" mb="0" cb="0"/><line nr="544" mi="0" ci="6" mb="0" cb="0"/><line nr="562" mi="0" ci="5" mb="0" cb="2"/><line nr="564" mi="0" ci="4" mb="0" cb="0"/><line nr="565" mi="0" ci="3" mb="0" cb="0"/><line nr="566" mi="0" ci="8" mb="0" cb="0"/><line nr="570" mi="0" ci="7" mb="0" cb="0"/><line nr="585" mi="0" ci="2" mb="0" cb="0"/><line nr="586" mi="0" ci="3" mb="0" cb="0"/><line nr="587" mi="0" ci="8" mb="0" cb="2"/><line nr="588" mi="0" ci="5" mb="0" cb="0"/><line nr="589" mi="0" ci="4" mb="0" cb="0"/><line nr="592" mi="0" ci="5" mb="0" cb="0"/><line nr="593" mi="0" ci="1" mb="0" cb="0"/><line nr="606" mi="0" ci="3" mb="0" cb="0"/><line nr="608" mi="0" ci="7" mb="0" cb="2"/><line nr="609" mi="0" ci="5" mb="0" cb="0"/><line nr="612" mi="0" ci="2" mb="0" cb="0"/><line nr="613" mi="0" ci="3" mb="0" cb="0"/><line nr="614" mi="0" ci="8" mb="0" cb="2"/><line nr="615" mi="0" ci="2" mb="0" cb="0"/><line nr="616" mi="0" ci="7" mb="0" cb="2"/><line nr="617" mi="0" ci="6" mb="0" cb="0"/><line nr="619" mi="0" ci="8" mb="0" cb="0"/><line nr="620" mi="0" ci="4" mb="0" cb="0"/><line nr="623" mi="0" ci="5" mb="0" cb="0"/><line nr="624" mi="0" ci="1" mb="0" cb="0"/><line nr="639" mi="0" ci="3" mb="0" cb="0"/><line nr="640" mi="0" ci="3" mb="0" cb="0"/><line nr="641" mi="0" ci="6" mb="2" cb="2"/><line nr="642" mi="4" ci="0" mb="0" cb="0"/><line nr="645" mi="0" ci="2" mb="0" cb="0"/><line nr="646" mi="0" ci="2" mb="0" cb="0"/><line nr="647" mi="0" ci="3" mb="0" cb="0"/><line nr="648" mi="0" ci="7" mb="0" cb="2"/><line nr="649" mi="0" ci="2" mb="1" cb="1"/><line nr="650" mi="0" ci="2" mb="0" cb="0"/><line nr="651" mi="0" ci="7" mb="0" cb="2"/><line nr="652" mi="0" ci="4" mb="0" cb="0"/><line nr="654" mi="0" ci="11" mb="0" cb="0"/><line nr="656" mi="0" ci="4" mb="0" cb="0"/><line nr="659" mi="0" ci="11" mb="0" cb="2"/><line nr="660" mi="0" ci="2" mb="0" cb="0"/><line nr="661" mi="0" ci="7" mb="0" cb="2"/><line nr="662" mi="0" ci="6" mb="0" cb="0"/><line nr="664" mi="0" ci="8" mb="0" cb="0"/><line nr="665" mi="0" ci="4" mb="0" cb="0"/><line nr="668" mi="0" ci="7" mb="0" cb="0"/><line nr="669" mi="0" ci="1" mb="0" cb="0"/><line nr="685" mi="0" ci="3" mb="0" cb="0"/><line nr="686" mi="0" ci="3" mb="0" cb="0"/><line nr="687" mi="0" ci="6" mb="1" cb="3"/><line nr="688" mi="4" ci="0" mb="0" cb="0"/><line nr="691" mi="0" ci="2" mb="0" cb="0"/><line nr="692" mi="0" ci="2" mb="0" cb="0"/><line nr="693" mi="0" ci="2" mb="0" cb="0"/><line nr="694" mi="0" ci="3" mb="0" cb="0"/><line nr="695" mi="0" ci="3" mb="0" cb="0"/><line nr="696" mi="0" ci="7" mb="0" cb="2"/><line nr="697" mi="0" ci="2" mb="0" cb="2"/><line nr="698" mi="0" ci="2" mb="0" cb="0"/><line nr="699" mi="0" ci="7" mb="0" cb="2"/><line nr="700" mi="0" ci="4" mb="0" cb="0"/><line nr="702" mi="0" ci="13" mb="0" cb="0"/><line nr="704" mi="0" ci="4" mb="0" cb="0"/><line nr="705" mi="0" ci="4" mb="0" cb="0"/><line nr="708" mi="0" ci="11" mb="0" cb="2"/><line nr="709" mi="0" ci="2" mb="0" cb="0"/><line nr="710" mi="0" ci="7" mb="0" cb="2"/><line nr="711" mi="0" ci="6" mb="0" cb="0"/><line nr="713" mi="0" ci="10" mb="0" cb="0"/><line nr="714" mi="0" ci="4" mb="0" cb="0"/><line nr="715" mi="0" ci="4" mb="0" cb="0"/><line nr="718" mi="0" ci="7" mb="0" cb="0"/><line nr="719" mi="0" ci="1" mb="0" cb="0"/><line nr="729" mi="0" ci="2" mb="0" cb="0"/><line nr="730" mi="0" ci="8" mb="0" cb="2"/><line nr="731" mi="0" ci="9" mb="0" cb="0"/><line nr="733" mi="0" ci="8" mb="0" cb="0"/><line nr="735" mi="0" ci="3" mb="0" cb="0"/><line nr="737" mi="0" ci="8" mb="0" cb="2"/><line nr="738" mi="0" ci="10" mb="0" cb="0"/><line nr="740" mi="0" ci="8" mb="0" cb="0"/><line nr="741" mi="0" ci="1" mb="0" cb="0"/><line nr="749" mi="0" ci="3" mb="0" cb="2"/><line nr="750" mi="0" ci="5" mb="0" cb="0"/><line nr="752" mi="0" ci="3" mb="0" cb="0"/><line nr="753" mi="0" ci="1" mb="0" cb="0"/><counter type="INSTRUCTION" missed="8" covered="752"/><counter type="BRANCH" missed="5" covered="77"/><counter type="LINE" missed="2" covered="178"/><counter type="COMPLEXITY" missed="5" covered="78"/><counter type="METHOD" missed="0" covered="42"/><counter type="CLASS" missed="0" covered="1"/></sourcefile><sourcefile name="LMSEPolynomialEstimator.java"><line nr="53" mi="0" ci="2" mb="0" cb="0"/><line nr="54" mi="0" ci="3" mb="0" cb="0"/><line nr="55" mi="0" ci="1" mb="0" cb="0"/><line nr="63" mi="0" ci="3" mb="0" cb="0"/><line nr="64" mi="0" ci="3" mb="0" cb="0"/><line nr="65" mi="0" ci="1" mb="0" cb="0"/><line nr="72" mi="0" ci="3" mb="0" cb="0"/><line nr="73" mi="0" ci="3" mb="0" cb="0"/><line nr="74" mi="0" ci="1" mb="0" cb="0"/><line nr="81" mi="0" ci="3" mb="0" cb="0"/><line nr="82" mi="0" ci="3" mb="0" cb="0"/><line nr="83" mi="0" ci="1" mb="0" cb="0"/><line nr="93" mi="0" ci="4" mb="0" cb="0"/><line nr="94" mi="0" ci="3" mb="0" cb="0"/><line nr="95" mi="0" ci="1" mb="0" cb="0"/><line nr="105" mi="0" ci="4" mb="0" cb="0"/><line nr="106" mi="0" ci="3" mb="0" cb="0"/><line nr="107" mi="0" ci="1" mb="0" cb="0"/><line nr="116" mi="0" ci="4" mb="0" cb="0"/><line nr="117" mi="0" ci="3" mb="0" cb="0"/><line nr="118" mi="0" ci="1" mb="0" cb="0"/><line nr="130" mi="0" ci="5" mb="0" cb="0"/><line nr="131" mi="0" ci="3" mb="0" cb="0"/><line nr="132" mi="0" ci="1" mb="0" cb="0"/><line nr="142" mi="0" ci="3" mb="0" cb="0"/><line nr="154" mi="0" ci="7" mb="0" cb="2"/><line nr="155" mi="0" ci="3" mb="0" cb="0"/><line nr="156" mi="0" ci="1" mb="0" cb="0"/><line nr="168" mi="0" ci="3" mb="0" cb="2"/><line nr="169" mi="0" ci="4" mb="0" cb="0"/><line nr="171" mi="0" ci="3" mb="0" cb="2"/><line nr="172" mi="0" ci="4" mb="0" cb="0"/><line nr="176" mi="0" ci="3" mb="0" cb="0"/><line nr="177" mi="0" ci="3" mb="0" cb="2"/><line nr="178" mi="0" ci="4" mb="0" cb="0"/><line nr="181" mi="0" ci="3" mb="0" cb="0"/><line nr="183" mi="0" ci="11" mb="0" cb="0"/><line nr="184" mi="0" ci="8" mb="0" cb="0"/><line nr="186" mi="0" ci="2" mb="0" cb="0"/><line nr="187" mi="0" ci="11" mb="0" cb="2"/><line nr="188" mi="0" ci="6" mb="1" cb="4"/><line nr="190" mi="0" ci="7" mb="0" cb="0"/><line nr="193" mi="0" ci="1" mb="0" cb="0"/><line nr="195" mi="0" ci="7" mb="0" cb="0"/><line nr="198" mi="0" ci="1" mb="0" cb="0"/><line nr="200" mi="0" ci="7" mb="0" cb="0"/><line nr="203" mi="0" ci="1" mb="0" cb="0"/><line nr="205" mi="0" ci="7" mb="0" cb="0"/><line nr="208" mi="0" ci="1" mb="0" cb="0"/><line nr="210" mi="1" ci="0" mb="0" cb="0"/><line nr="213" mi="0" ci="5" mb="0" cb="0"/><line nr="214" mi="0" ci="1" mb="0" cb="0"/><line nr="216" mi="0" ci="6" mb="0" cb="4"/><line nr="218" mi="0" ci="1" mb="0" cb="0"/><line nr="220" mi="0" ci="1" mb="0" cb="0"/><line nr="222" mi="0" ci="4" mb="0" cb="0"/><line nr="224" mi="0" ci="6" mb="0" cb="0"/><line nr="226" mi="0" ci="3" mb="0" cb="2"/><line nr="227" mi="0" ci="4" mb="0" cb="0"/><line nr="230" mi="0" ci="4" mb="0" cb="0"/><line nr="231" mi="1" ci="0" mb="0" cb="0"/><line nr="232" mi="5" ci="0" mb="0" cb="0"/><line nr="234" mi="0" ci="3" mb="0" cb="0"/><line nr="244" mi="0" ci="2" mb="0" cb="0"/><counter type="INSTRUCTION" missed="7" covered="211"/><counter type="BRANCH" missed="1" covered="20"/><counter type="LINE" missed="3" covered="61"/><counter type="COMPLEXITY" missed="1" covered="23"/><counter type="METHOD" missed="0" covered="12"/><counter type="CLASS" missed="0" covered="1"/></sourcefile><sourcefile name="IntegralPolynomialEvaluation.java"><line nr="49" mi="0" ci="2" mb="0" cb="0"/><line nr="50" mi="0" ci="3" mb="0" cb="0"/><line nr="51" mi="0" ci="1" mb="0" cb="0"/><line nr="63" mi="0" ci="3" mb="0" cb="0"/><line nr="64" mi="0" ci="3" mb="0" cb="0"/><line nr="65" mi="0" ci="3" mb="0" cb="0"/><line nr="66" mi="0" ci="3" mb="0" cb="0"/><line nr="67" mi="0" ci="1" mb="0" cb="0"/><line nr="77" mi="0" ci="6" mb="0" cb="0"/><line nr="78" mi="0" ci="1" mb="0" cb="0"/><line nr="89" mi="0" ci="6" mb="0" cb="0"/><line nr="90" mi="0" ci="1" mb="0" cb="0"/><line nr="98" mi="0" ci="6" mb="0" cb="0"/><line nr="99" mi="0" ci="1" mb="0" cb="0"/><line nr="106" mi="0" ci="3" mb="0" cb="0"/><line nr="114" mi="0" ci="3" mb="0" cb="0"/><line nr="115" mi="0" ci="1" mb="0" cb="0"/><line nr="122" mi="0" ci="3" mb="0" cb="0"/><line nr="130" mi="0" ci="3" mb="0" cb="0"/><line nr="131" mi="0" ci="1" mb="0" cb="0"/><line nr="138" mi="0" ci="3" mb="0" cb="0"/><line nr="147" mi="0" ci="3" mb="0" cb="2"/><line nr="148" mi="0" ci="5" mb="0" cb="0"/><line nr="152" mi="0" ci="3" mb="0" cb="0"/><line nr="153" mi="0" ci="1" mb="0" cb="0"/><line nr="161" mi="0" ci="2" mb="0" cb="0"/><counter type="INSTRUCTION" missed="0" covered="71"/><counter type="BRANCH" missed="0" covered="2"/><counter type="LINE" missed="0" covered="26"/><counter type="COMPLEXITY" missed="0" covered="13"/><counter type="METHOD" missed="0" covered="12"/><counter type="CLASS" missed="0" covered="1"/></sourcefile><counter type="INSTRUCTION" missed="300" covered="3815"/><counter type="BRANCH" missed="59" covered="296"/><counter type="LINE" missed="100" covered="1000"/><counter type="COMPLEXITY" missed="76" covered="435"/><counter type="METHOD" missed="19" covered="298"/><counter type="CLASS" missed="0" covered="22"/></package><counter type="INSTRUCTION" missed="2261" covered="27759"/><counter type="BRANCH" missed="522" covered="2434"/><counter type="LINE" missed="666" covered="6480"/><counter type="COMPLEXITY" missed="559" covered="2274"/><counter type="METHOD" missed="69" covered="1267"/><counter type="CLASS" missed="1" covered="123"/></report>